<?xml version="1.0" encoding="UTF-8"?>
<testng-results ignored="0" total="17" passed="17" failed="0" skipped="0">
  <reporter-output>
  </reporter-output>
  <suite started-at="2023-10-14T16:03:04 EEST" name="Surefire suite" finished-at="2023-10-14T16:03:07 EEST" duration-ms="3166">
    <groups>
    </groups>
    <test started-at="2023-10-14T16:03:04 EEST" name="Surefire test" finished-at="2023-10-14T16:03:07 EEST" duration-ms="3166">
      <class name="com.hibernate.project.simple.ModelTest">
        <test-method signature="testModelCreation()[pri:0, instance:com.hibernate.project.simple.ModelTest@6b419da]" started-at="2023-10-14T16:03:07 EEST" name="testModelCreation" finished-at="2023-10-14T16:03:07 EEST" duration-ms="19" status="PASS">
          <reporter-output>
          </reporter-output>
        </test-method> <!-- testModelCreation -->
      </class> <!-- com.hibernate.project.simple.ModelTest -->
      <class name="com.hibernate.project.application.AddRankingTest">
        <test-method signature="addRanking()[pri:0, instance:com.hibernate.project.application.AddRankingTest@4ae3c1cd]" started-at="2023-10-14T16:03:04 EEST" name="addRanking" finished-at="2023-10-14T16:03:06 EEST" duration-ms="2182" status="PASS">
          <reporter-output>
          </reporter-output>
        </test-method> <!-- addRanking -->
      </class> <!-- com.hibernate.project.application.AddRankingTest -->
      <class name="com.hibernate.project.util.SessionBuilderTest">
        <test-method signature="testSessionFacotry()[pri:0, instance:com.hibernate.project.util.SessionBuilderTest@3b2da18f]" started-at="2023-10-14T16:03:07 EEST" name="testSessionFacotry" finished-at="2023-10-14T16:03:07 EEST" duration-ms="0" status="PASS">
          <reporter-output>
          </reporter-output>
        </test-method> <!-- testSessionFacotry -->
      </class> <!-- com.hibernate.project.util.SessionBuilderTest -->
      <class name="com.hibernate.project.application.FindAverageRankingTest">
        <test-method signature="validateRankingAverage()[pri:0, instance:com.hibernate.project.application.FindAverageRankingTest@341b80b2]" started-at="2023-10-14T16:03:06 EEST" name="validateRankingAverage" finished-at="2023-10-14T16:03:06 EEST" duration-ms="34" status="PASS">
          <reporter-output>
          </reporter-output>
        </test-method> <!-- validateRankingAverage -->
      </class> <!-- com.hibernate.project.application.FindAverageRankingTest -->
      <class name="com.hibernate.project.application.UpdateRankingTest">
        <test-method signature="updateExistingRanking()[pri:0, instance:com.hibernate.project.application.UpdateRankingTest@2145433b]" started-at="2023-10-14T16:03:06 EEST" name="updateExistingRanking" finished-at="2023-10-14T16:03:06 EEST" duration-ms="32" status="PASS">
          <reporter-output>
          </reporter-output>
        </test-method> <!-- updateExistingRanking -->
        <test-method signature="updateNonexistingRanking()[pri:0, instance:com.hibernate.project.application.UpdateRankingTest@2145433b]" started-at="2023-10-14T16:03:06 EEST" name="updateNonexistingRanking" finished-at="2023-10-14T16:03:07 EEST" duration-ms="18" status="PASS">
          <reporter-output>
          </reporter-output>
        </test-method> <!-- updateNonexistingRanking -->
      </class> <!-- com.hibernate.project.application.UpdateRankingTest -->
      <class name="com.hibernate.project.RankingTest">
        <test-method is-config="true" signature="setup()[pri:0, instance:com.hibernate.project.RankingTest@7920ba90]" started-at="2023-10-14T16:03:07 EEST" name="setup" finished-at="2023-10-14T16:03:07 EEST" duration-ms="52" status="PASS">
          <reporter-output>
          </reporter-output>
        </test-method> <!-- setup -->
        <test-method signature="changeRanking()[pri:0, instance:com.hibernate.project.RankingTest@7920ba90]" started-at="2023-10-14T16:03:07 EEST" name="changeRanking" finished-at="2023-10-14T16:03:07 EEST" duration-ms="15" status="PASS">
          <reporter-output>
          </reporter-output>
        </test-method> <!-- changeRanking -->
        <test-method is-config="true" signature="shutDown()[pri:0, instance:com.hibernate.project.RankingTest@7920ba90]" started-at="2023-10-14T16:03:07 EEST" name="shutDown" finished-at="2023-10-14T16:03:07 EEST" duration-ms="17" status="PASS">
          <reporter-output>
          </reporter-output>
        </test-method> <!-- shutDown -->
        <test-method is-config="true" signature="setup()[pri:0, instance:com.hibernate.project.RankingTest@7920ba90]" started-at="2023-10-14T16:03:07 EEST" name="setup" finished-at="2023-10-14T16:03:07 EEST" duration-ms="51" status="PASS">
          <reporter-output>
          </reporter-output>
        </test-method> <!-- setup -->
        <test-method signature="removeRanking()[pri:0, instance:com.hibernate.project.RankingTest@7920ba90]" started-at="2023-10-14T16:03:07 EEST" name="removeRanking" finished-at="2023-10-14T16:03:07 EEST" duration-ms="16" status="PASS">
          <reporter-output>
          </reporter-output>
        </test-method> <!-- removeRanking -->
        <test-method is-config="true" signature="shutDown()[pri:0, instance:com.hibernate.project.RankingTest@7920ba90]" started-at="2023-10-14T16:03:07 EEST" name="shutDown" finished-at="2023-10-14T16:03:07 EEST" duration-ms="18" status="PASS">
          <reporter-output>
          </reporter-output>
        </test-method> <!-- shutDown -->
        <test-method is-config="true" signature="setup()[pri:0, instance:com.hibernate.project.RankingTest@7920ba90]" started-at="2023-10-14T16:03:07 EEST" name="setup" finished-at="2023-10-14T16:03:07 EEST" duration-ms="65" status="PASS">
          <reporter-output>
          </reporter-output>
        </test-method> <!-- setup -->
        <test-method signature="testRanking()[pri:0, instance:com.hibernate.project.RankingTest@7920ba90]" started-at="2023-10-14T16:03:07 EEST" name="testRanking" finished-at="2023-10-14T16:03:07 EEST" duration-ms="17" status="PASS">
          <reporter-output>
          </reporter-output>
        </test-method> <!-- testRanking -->
        <test-method is-config="true" signature="setup()[pri:0, instance:com.hibernate.project.RankingTest@7920ba90]" started-at="2023-10-14T16:03:07 EEST" name="setup" finished-at="2023-10-14T16:03:07 EEST" duration-ms="66" status="PASS">
          <reporter-output>
          </reporter-output>
        </test-method> <!-- setup -->
        <test-method is-config="true" signature="shutDown()[pri:0, instance:com.hibernate.project.RankingTest@7920ba90]" started-at="2023-10-14T16:03:07 EEST" name="shutDown" finished-at="2023-10-14T16:03:07 EEST" duration-ms="0" status="PASS">
          <reporter-output>
          </reporter-output>
        </test-method> <!-- shutDown -->
        <test-method is-config="true" signature="shutDown()[pri:0, instance:com.hibernate.project.RankingTest@7920ba90]" started-at="2023-10-14T16:03:07 EEST" name="shutDown" finished-at="2023-10-14T16:03:07 EEST" duration-ms="0" status="PASS">
          <reporter-output>
          </reporter-output>
        </test-method> <!-- shutDown -->
        <test-method signature="testSaveRanking()[pri:0, instance:com.hibernate.project.RankingTest@7920ba90]" started-at="2023-10-14T16:03:07 EEST" name="testSaveRanking" finished-at="2023-10-14T16:03:07 EEST" duration-ms="0" status="PASS">
          <reporter-output>
          </reporter-output>
        </test-method> <!-- testSaveRanking -->
      </class> <!-- com.hibernate.project.RankingTest -->
      <class name="com.hibernate.project.PersonTest">
        <test-method is-config="true" signature="setup()[pri:0, instance:com.hibernate.project.PersonTest@105fece7]" started-at="2023-10-14T16:03:07 EEST" name="setup" finished-at="2023-10-14T16:03:07 EEST" duration-ms="96" status="PASS">
          <reporter-output>
          </reporter-output>
        </test-method> <!-- setup -->
        <test-method signature="changeRanking()[pri:0, instance:com.hibernate.project.PersonTest@105fece7]" started-at="2023-10-14T16:03:07 EEST" name="changeRanking" finished-at="2023-10-14T16:03:07 EEST" duration-ms="19" status="PASS">
          <reporter-output>
          </reporter-output>
        </test-method> <!-- changeRanking -->
        <test-method is-config="true" signature="shutSown()[pri:0, instance:com.hibernate.project.PersonTest@105fece7]" started-at="2023-10-14T16:03:07 EEST" name="shutSown" finished-at="2023-10-14T16:03:07 EEST" duration-ms="17" status="PASS">
          <reporter-output>
          </reporter-output>
        </test-method> <!-- shutSown -->
        <test-method is-config="true" signature="setup()[pri:0, instance:com.hibernate.project.PersonTest@105fece7]" started-at="2023-10-14T16:03:07 EEST" name="setup" finished-at="2023-10-14T16:03:07 EEST" duration-ms="80" status="PASS">
          <reporter-output>
          </reporter-output>
        </test-method> <!-- setup -->
        <test-method signature="removeRanking()[pri:0, instance:com.hibernate.project.PersonTest@105fece7]" started-at="2023-10-14T16:03:07 EEST" name="removeRanking" finished-at="2023-10-14T16:03:07 EEST" duration-ms="19" status="PASS">
          <reporter-output>
          </reporter-output>
        </test-method> <!-- removeRanking -->
        <test-method is-config="true" signature="shutSown()[pri:0, instance:com.hibernate.project.PersonTest@105fece7]" started-at="2023-10-14T16:03:07 EEST" name="shutSown" finished-at="2023-10-14T16:03:07 EEST" duration-ms="18" status="PASS">
          <reporter-output>
          </reporter-output>
        </test-method> <!-- shutSown -->
        <test-method is-config="true" signature="setup()[pri:0, instance:com.hibernate.project.PersonTest@105fece7]" started-at="2023-10-14T16:03:07 EEST" name="setup" finished-at="2023-10-14T16:03:07 EEST" duration-ms="65" status="PASS">
          <reporter-output>
          </reporter-output>
        </test-method> <!-- setup -->
        <test-method signature="testRankings()[pri:0, instance:com.hibernate.project.PersonTest@105fece7]" started-at="2023-10-14T16:03:07 EEST" name="testRankings" finished-at="2023-10-14T16:03:07 EEST" duration-ms="17" status="PASS">
          <reporter-output>
          </reporter-output>
        </test-method> <!-- testRankings -->
        <test-method is-config="true" signature="shutSown()[pri:0, instance:com.hibernate.project.PersonTest@105fece7]" started-at="2023-10-14T16:03:07 EEST" name="shutSown" finished-at="2023-10-14T16:03:07 EEST" duration-ms="16" status="PASS">
          <reporter-output>
          </reporter-output>
        </test-method> <!-- shutSown -->
        <test-method is-config="true" signature="setup()[pri:0, instance:com.hibernate.project.PersonTest@105fece7]" started-at="2023-10-14T16:03:07 EEST" name="setup" finished-at="2023-10-14T16:03:07 EEST" duration-ms="67" status="PASS">
          <reporter-output>
          </reporter-output>
        </test-method> <!-- setup -->
        <test-method is-config="true" signature="shutSown()[pri:0, instance:com.hibernate.project.PersonTest@105fece7]" started-at="2023-10-14T16:03:07 EEST" name="shutSown" finished-at="2023-10-14T16:03:07 EEST" duration-ms="0" status="PASS">
          <reporter-output>
          </reporter-output>
        </test-method> <!-- shutSown -->
        <test-method is-config="true" signature="setup()[pri:0, instance:com.hibernate.project.PersonTest@105fece7]" started-at="2023-10-14T16:03:07 EEST" name="setup" finished-at="2023-10-14T16:03:07 EEST" duration-ms="67" status="PASS">
          <reporter-output>
          </reporter-output>
        </test-method> <!-- setup -->
        <test-method signature="testSavePerson()[pri:0, instance:com.hibernate.project.PersonTest@105fece7]" started-at="2023-10-14T16:03:07 EEST" name="testSavePerson" finished-at="2023-10-14T16:03:07 EEST" duration-ms="0" status="PASS">
          <reporter-output>
          </reporter-output>
        </test-method> <!-- testSavePerson -->
        <test-method signature="testSaveRanking()[pri:0, instance:com.hibernate.project.PersonTest@105fece7]" started-at="2023-10-14T16:03:07 EEST" name="testSaveRanking" finished-at="2023-10-14T16:03:07 EEST" duration-ms="15" status="PASS">
          <reporter-output>
          </reporter-output>
        </test-method> <!-- testSaveRanking -->
        <test-method is-config="true" signature="shutSown()[pri:0, instance:com.hibernate.project.PersonTest@105fece7]" started-at="2023-10-14T16:03:07 EEST" name="shutSown" finished-at="2023-10-14T16:03:07 EEST" duration-ms="0" status="PASS">
          <reporter-output>
          </reporter-output>
        </test-method> <!-- shutSown -->
      </class> <!-- com.hibernate.project.PersonTest -->
      <class name="com.hibernate.project.application.RemoveRankingTest">
        <test-method signature="removeNonexistRanking()[pri:0, instance:com.hibernate.project.application.RemoveRankingTest@55a1c291]" started-at="2023-10-14T16:03:06 EEST" name="removeNonexistRanking" finished-at="2023-10-14T16:03:06 EEST" duration-ms="0" status="PASS">
          <reporter-output>
          </reporter-output>
        </test-method> <!-- removeNonexistRanking -->
        <test-method signature="removeRanking()[pri:0, instance:com.hibernate.project.application.RemoveRankingTest@55a1c291]" started-at="2023-10-14T16:03:06 EEST" name="removeRanking" finished-at="2023-10-14T16:03:06 EEST" duration-ms="19" status="PASS">
          <reporter-output>
          </reporter-output>
        </test-method> <!-- removeRanking -->
      </class> <!-- com.hibernate.project.application.RemoveRankingTest -->
    </test> <!-- Surefire test -->
  </suite> <!-- Surefire suite -->
</testng-results>
