<?xml version="1.0" encoding="UTF-8"?>
<testsuite xmlns:xsi="http://www.w3.org/2001/XMLSchema-instance" xsi:noNamespaceSchemaLocation="https://maven.apache.org/surefire/maven-surefire-plugin/xsd/surefire-test-report-3.0.xsd" version="3.0" name="TestSuite" time="4.839" tests="21" errors="0" skipped="0" failures="0">
  <properties>
[...]
</properties>
  <testcase name="addRanking" classname="com.hibernate.project.application.AddRankingTest" time="2.673">
    <system-out><![CDATA[12:10:53,125 |-INFO in ch.qos.logback.classic.LoggerContext[default] - Could NOT find resource [logback-test.xml]
12:10:53,125 |-INFO in ch.qos.logback.classic.LoggerContext[default] - Could NOT find resource [logback.groovy]
12:10:53,125 |-INFO in ch.qos.logback.classic.LoggerContext[default] - Found resource [logback.xml] at [file:/C:/Users/123/Desktop/JAVA%20projects/HibrnateBookLearning/hibernate_book_learning/chapter03/target/test-classes/logback.xml]
12:10:53,187 |-INFO in ch.qos.logback.classic.joran.action.ConfigurationAction - debug attribute not set
12:10:53,187 |-INFO in ch.qos.logback.core.joran.action.AppenderAction - About to instantiate appender of type [ch.qos.logback.core.ConsoleAppender]
12:10:53,203 |-INFO in ch.qos.logback.core.joran.action.AppenderAction - Naming appender as [STDOUT]
12:10:53,234 |-INFO in ch.qos.logback.classic.joran.action.LoggerAction - Setting level of logger [org.hibernate.SQL] to DEBUG
12:10:53,234 |-INFO in ch.qos.logback.classic.joran.action.LoggerAction - Setting additivity of logger [org.hibernate.SQL] to false
12:10:53,234 |-ERROR in ch.qos.logback.core.joran.action.AppenderRefAction - Could not find an appender named [SDTOUT]. Did you define it below instead of above in the configuration file?
12:10:53,234 |-ERROR in ch.qos.logback.core.joran.action.AppenderRefAction - See http://logback.qos.ch/codes.html#appender_order for more details.
12:10:53,234 |-INFO in ch.qos.logback.classic.joran.action.LoggerAction - Setting level of logger [org.hibernate.type.descriptor.sql] to TRACE
12:10:53,234 |-INFO in ch.qos.logback.classic.joran.action.LoggerAction - Setting additivity of logger [org.hibernate.type.descriptor.sql] to false
12:10:53,234 |-ERROR in ch.qos.logback.core.joran.action.AppenderRefAction - Could not find an appender named [SDTOUT]. Did you define it below instead of above in the configuration file?
12:10:53,234 |-ERROR in ch.qos.logback.core.joran.action.AppenderRefAction - See http://logback.qos.ch/codes.html#appender_order for more details.
12:10:53,234 |-INFO in ch.qos.logback.classic.joran.action.RootLoggerAction - Setting level of ROOT logger to INFO
12:10:53,234 |-ERROR in ch.qos.logback.core.joran.action.AppenderRefAction - Could not find an appender named [SDTOUT]. Did you define it below instead of above in the configuration file?
12:10:53,234 |-ERROR in ch.qos.logback.core.joran.action.AppenderRefAction - See http://logback.qos.ch/codes.html#appender_order for more details.
12:10:53,234 |-INFO in ch.qos.logback.classic.joran.action.ConfigurationAction - End of configuration.
12:10:53,234 |-INFO in ch.qos.logback.classic.joran.JoranConfigurator@12aba8be - Registering current configuration as safe fallback point

Hibernate: drop table if exists Person cascade 
Hibernate: drop table if exists Ranking cascade 
Hibernate: drop table if exists Skill cascade 
Hibernate: drop sequence if exists Ranking_SEQ
Hibernate: drop sequence if exists Skill_SEQ
Hibernate: create sequence Ranking_SEQ start with 1 increment by 50
Hibernate: create sequence Skill_SEQ start with 1 increment by 50
Hibernate: create table Person (id bigint generated by default as identity, name varchar(255), primary key (id))
Hibernate: create table Ranking (id bigint not null, ranking integer, observer_id bigint, skill_id bigint, subject_id bigint, primary key (id))
Hibernate: create table Skill (id bigint not null, name varchar(255), primary key (id))
Hibernate: alter table if exists Person add constraint UK_is4vd0f6kw9sw4dxyie5cy9fa unique (name)
Hibernate: alter table if exists Ranking add constraint FKive1infoo3bhngyyh21wpjowd foreign key (observer_id) references Person
Hibernate: alter table if exists Ranking add constraint FK4k8xflg6vgtx54xdi3l86oxv3 foreign key (skill_id) references Skill
Hibernate: alter table if exists Ranking add constraint FKco74nphdiivkvnlujo211y2s9 foreign key (subject_id) references Person
Hibernate: select p1_0.id, p1_0.name from Person as p1_0 where p1_0.name = ?
Hibernate: insert into Person (id, name) values (null, ?)
Hibernate: select p1_0.id, p1_0.name from Person as p1_0 where p1_0.name = ?
Hibernate: insert into Person (id, name) values (null, ?)
Hibernate: select s1_0.id, s1_0.name from Skill as s1_0 where s1_0.name = ?
Hibernate: call next value for Skill_SEQ
Hibernate: call next value for Skill_SEQ
Hibernate: call next value for Ranking_SEQ
Hibernate: call next value for Ranking_SEQ
Hibernate: insert into Skill (name, id) values (?, ?)
Hibernate: insert into Ranking (observer_id, ranking, skill_id, subject_id, id) values (?, ?, ?, ?, ?)
Hibernate: select r1_0.id, r1_0.observer_id, r1_0.ranking, r1_0.skill_id, r1_0.subject_id from Ranking as r1_0 left outer join Person as s1_0 on r1_0.subject_id = s1_0.id left outer join Skill as s2_0 on r1_0.skill_id = s2_0.id where s1_0.name = ? and s2_0.name = ?
Hibernate: select p1_0.id, p1_0.name from Person as p1_0 where p1_0.id = ?
Hibernate: select s1_0.id, s1_0.name from Skill as s1_0 where s1_0.id = ?
Hibernate: select p1_0.id, p1_0.name from Person as p1_0 where p1_0.id = ?
]]></system-out>
  </testcase>
  <testcase name="findAllRanking" classname="com.hibernate.project.application.FindAllRankingTest" time="0.142">
    <system-out><![CDATA[Hibernate: select r1_0.id, r1_0.observer_id, r1_0.ranking, r1_0.skill_id, r1_0.subject_id from Ranking as r1_0 left outer join Person as s1_0 on r1_0.subject_id = s1_0.id left outer join Skill as s2_0 on r1_0.skill_id = s2_0.id where s1_0.name = ? and s2_0.name = ?
Hibernate: select r1_0.id, r1_0.observer_id, r1_0.ranking, r1_0.skill_id, r1_0.subject_id from Ranking as r1_0 left outer join Person as s1_0 on r1_0.subject_id = s1_0.id left outer join Skill as s2_0 on r1_0.skill_id = s2_0.id where s1_0.name = ? and s2_0.name = ?
Hibernate: select p1_0.id, p1_0.name from Person as p1_0 where p1_0.name = ?
Hibernate: insert into Person (id, name) values (null, ?)
Hibernate: select p1_0.id, p1_0.name from Person as p1_0 where p1_0.name = ?
Hibernate: insert into Person (id, name) values (null, ?)
Hibernate: select s1_0.id, s1_0.name from Skill as s1_0 where s1_0.name = ?
Hibernate: insert into Skill (name, id) values (?, ?)
Hibernate: insert into Ranking (observer_id, ranking, skill_id, subject_id, id) values (?, ?, ?, ?, ?)
Hibernate: select p1_0.id, p1_0.name from Person as p1_0 where p1_0.name = ?
Hibernate: select p1_0.id, p1_0.name from Person as p1_0 where p1_0.name = ?
Hibernate: select s1_0.id, s1_0.name from Skill as s1_0 where s1_0.name = ?
Hibernate: insert into Ranking (observer_id, ranking, skill_id, subject_id, id) values (?, ?, ?, ?, ?)
Hibernate: select p1_0.id, p1_0.name from Person as p1_0 where p1_0.name = ?
Hibernate: select p1_0.id, p1_0.name from Person as p1_0 where p1_0.name = ?
Hibernate: select s1_0.id, s1_0.name from Skill as s1_0 where s1_0.name = ?
Hibernate: insert into Skill (name, id) values (?, ?)
Hibernate: insert into Ranking (observer_id, ranking, skill_id, subject_id, id) values (?, ?, ?, ?, ?)
Hibernate: select p1_0.id, p1_0.name from Person as p1_0 where p1_0.name = ?
Hibernate: select p1_0.id, p1_0.name from Person as p1_0 where p1_0.name = ?
Hibernate: select s1_0.id, s1_0.name from Skill as s1_0 where s1_0.name = ?
Hibernate: insert into Ranking (observer_id, ranking, skill_id, subject_id, id) values (?, ?, ?, ?, ?)
Hibernate: select r1_0.id, r1_0.observer_id, r1_0.ranking, r1_0.skill_id, r1_0.subject_id from Ranking as r1_0 left outer join Person as s1_0 on r1_0.subject_id = s1_0.id left outer join Skill as s2_0 on r1_0.skill_id = s2_0.id where s1_0.name = ? order by s2_0.name
Hibernate: select p1_0.id, p1_0.name from Person as p1_0 where p1_0.id = ?
Hibernate: select s1_0.id, s1_0.name from Skill as s1_0 where s1_0.id = ?
Hibernate: select p1_0.id, p1_0.name from Person as p1_0 where p1_0.id = ?
Hibernate: select s1_0.id, s1_0.name from Skill as s1_0 where s1_0.id = ?
]]></system-out>
  </testcase>
  <testcase name="findAllRankingsEmptySet" classname="com.hibernate.project.application.FindAllRankingTest" time="0.016">
    <system-out><![CDATA[Hibernate: select r1_0.id, r1_0.observer_id, r1_0.ranking, r1_0.skill_id, r1_0.subject_id from Ranking as r1_0 left outer join Person as s1_0 on r1_0.subject_id = s1_0.id left outer join Skill as s2_0 on r1_0.skill_id = s2_0.id where s1_0.name = ? and s2_0.name = ?
Hibernate: select r1_0.id, r1_0.observer_id, r1_0.ranking, r1_0.skill_id, r1_0.subject_id from Ranking as r1_0 left outer join Person as s1_0 on r1_0.subject_id = s1_0.id left outer join Skill as s2_0 on r1_0.skill_id = s2_0.id where s1_0.name = ? and s2_0.name = ?
Hibernate: select r1_0.id, r1_0.observer_id, r1_0.ranking, r1_0.skill_id, r1_0.subject_id from Ranking as r1_0 left outer join Person as s1_0 on r1_0.subject_id = s1_0.id left outer join Skill as s2_0 on r1_0.skill_id = s2_0.id where s1_0.name = ? order by s2_0.name
]]></system-out>
  </testcase>
  <testcase name="validateRankingAverage" classname="com.hibernate.project.application.FindAverageRankingTest" time="0.05">
    <system-out><![CDATA[Hibernate: select p1_0.id, p1_0.name from Person as p1_0 where p1_0.name = ?
Hibernate: insert into Person (id, name) values (null, ?)
Hibernate: select p1_0.id, p1_0.name from Person as p1_0 where p1_0.name = ?
Hibernate: insert into Person (id, name) values (null, ?)
Hibernate: select s1_0.id, s1_0.name from Skill as s1_0 where s1_0.name = ?
Hibernate: insert into Skill (name, id) values (?, ?)
Hibernate: insert into Ranking (observer_id, ranking, skill_id, subject_id, id) values (?, ?, ?, ?, ?)
Hibernate: select p1_0.id, p1_0.name from Person as p1_0 where p1_0.name = ?
Hibernate: select p1_0.id, p1_0.name from Person as p1_0 where p1_0.name = ?
Hibernate: select s1_0.id, s1_0.name from Skill as s1_0 where s1_0.name = ?
Hibernate: insert into Ranking (observer_id, ranking, skill_id, subject_id, id) values (?, ?, ?, ?, ?)
Hibernate: select p1_0.id, p1_0.name from Person as p1_0 where p1_0.name = ?
Hibernate: select p1_0.id, p1_0.name from Person as p1_0 where p1_0.name = ?
Hibernate: select s1_0.id, s1_0.name from Skill as s1_0 where s1_0.name = ?
Hibernate: insert into Ranking (observer_id, ranking, skill_id, subject_id, id) values (?, ?, ?, ?, ?)
Hibernate: select r1_0.id, r1_0.observer_id, r1_0.ranking, r1_0.skill_id, r1_0.subject_id from Ranking as r1_0 left outer join Person as s1_0 on r1_0.subject_id = s1_0.id left outer join Skill as s2_0 on r1_0.skill_id = s2_0.id where s1_0.name = ? and s2_0.name = ?
Hibernate: select p1_0.id, p1_0.name from Person as p1_0 where p1_0.id = ?
Hibernate: select s1_0.id, s1_0.name from Skill as s1_0 where s1_0.id = ?
Hibernate: select p1_0.id, p1_0.name from Person as p1_0 where p1_0.id = ?
Hibernate: select p1_0.id, p1_0.name from Person as p1_0 where p1_0.name = ?
Hibernate: select p1_0.id, p1_0.name from Person as p1_0 where p1_0.name = ?
Hibernate: select s1_0.id, s1_0.name from Skill as s1_0 where s1_0.name = ?
Hibernate: insert into Ranking (observer_id, ranking, skill_id, subject_id, id) values (?, ?, ?, ?, ?)
Hibernate: select p1_0.id, p1_0.name from Person as p1_0 where p1_0.name = ?
Hibernate: select p1_0.id, p1_0.name from Person as p1_0 where p1_0.name = ?
Hibernate: select s1_0.id, s1_0.name from Skill as s1_0 where s1_0.name = ?
Hibernate: insert into Ranking (observer_id, ranking, skill_id, subject_id, id) values (?, ?, ?, ?, ?)
Hibernate: select r1_0.id, r1_0.observer_id, r1_0.ranking, r1_0.skill_id, r1_0.subject_id from Ranking as r1_0 left outer join Person as s1_0 on r1_0.subject_id = s1_0.id left outer join Skill as s2_0 on r1_0.skill_id = s2_0.id where s1_0.name = ? and s2_0.name = ?
Hibernate: select p1_0.id, p1_0.name from Person as p1_0 where p1_0.id = ?
Hibernate: select s1_0.id, s1_0.name from Skill as s1_0 where s1_0.id = ?
Hibernate: select p1_0.id, p1_0.name from Person as p1_0 where p1_0.id = ?
]]></system-out>
  </testcase>
  <testcase name="findBestForNonexistentSkill" classname="com.hibernate.project.application.FindBestRankingTest" time="0.035">
    <system-out><![CDATA[Hibernate: select s1_0.name, avg(r1_0.ranking) from Ranking as r1_0 left outer join Person as s1_0 on r1_0.subject_id = s1_0.id left outer join Skill as s2_0 on r1_0.skill_id = s2_0.id where s2_0.name = ? group by s1_0.name order by avg(r1_0.ranking) desc fetch first ? rows only
]]></system-out>
  </testcase>
  <testcase name="findBestForSkill" classname="com.hibernate.project.application.FindBestRankingTest" time="0.082">
    <system-out><![CDATA[Hibernate: select p1_0.id, p1_0.name from Person as p1_0 where p1_0.name = ?
Hibernate: insert into Person (id, name) values (null, ?)
Hibernate: select p1_0.id, p1_0.name from Person as p1_0 where p1_0.name = ?
Hibernate: insert into Person (id, name) values (null, ?)
Hibernate: select s1_0.id, s1_0.name from Skill as s1_0 where s1_0.name = ?
Hibernate: insert into Skill (name, id) values (?, ?)
Hibernate: insert into Ranking (observer_id, ranking, skill_id, subject_id, id) values (?, ?, ?, ?, ?)
Hibernate: select p1_0.id, p1_0.name from Person as p1_0 where p1_0.name = ?
Hibernate: select p1_0.id, p1_0.name from Person as p1_0 where p1_0.name = ?
Hibernate: insert into Person (id, name) values (null, ?)
Hibernate: select s1_0.id, s1_0.name from Skill as s1_0 where s1_0.name = ?
Hibernate: insert into Ranking (observer_id, ranking, skill_id, subject_id, id) values (?, ?, ?, ?, ?)
Hibernate: select p1_0.id, p1_0.name from Person as p1_0 where p1_0.name = ?
Hibernate: insert into Person (id, name) values (null, ?)
Hibernate: select p1_0.id, p1_0.name from Person as p1_0 where p1_0.name = ?
Hibernate: select s1_0.id, s1_0.name from Skill as s1_0 where s1_0.name = ?
Hibernate: insert into Ranking (observer_id, ranking, skill_id, subject_id, id) values (?, ?, ?, ?, ?)
Hibernate: select p1_0.id, p1_0.name from Person as p1_0 where p1_0.name = ?
Hibernate: select p1_0.id, p1_0.name from Person as p1_0 where p1_0.name = ?
Hibernate: select s1_0.id, s1_0.name from Skill as s1_0 where s1_0.name = ?
Hibernate: insert into Ranking (observer_id, ranking, skill_id, subject_id, id) values (?, ?, ?, ?, ?)
Hibernate: select p1_0.id, p1_0.name from Person as p1_0 where p1_0.name = ?
Hibernate: insert into Person (id, name) values (null, ?)
Hibernate: select p1_0.id, p1_0.name from Person as p1_0 where p1_0.name = ?
Hibernate: select s1_0.id, s1_0.name from Skill as s1_0 where s1_0.name = ?
Hibernate: insert into Ranking (observer_id, ranking, skill_id, subject_id, id) values (?, ?, ?, ?, ?)
Hibernate: select p1_0.id, p1_0.name from Person as p1_0 where p1_0.name = ?
Hibernate: select p1_0.id, p1_0.name from Person as p1_0 where p1_0.name = ?
Hibernate: select s1_0.id, s1_0.name from Skill as s1_0 where s1_0.name = ?
Hibernate: insert into Ranking (observer_id, ranking, skill_id, subject_id, id) values (?, ?, ?, ?, ?)
Hibernate: select p1_0.id, p1_0.name from Person as p1_0 where p1_0.name = ?
Hibernate: select p1_0.id, p1_0.name from Person as p1_0 where p1_0.name = ?
Hibernate: select s1_0.id, s1_0.name from Skill as s1_0 where s1_0.name = ?
Hibernate: insert into Skill (name, id) values (?, ?)
Hibernate: insert into Ranking (observer_id, ranking, skill_id, subject_id, id) values (?, ?, ?, ?, ?)
Hibernate: select s1_0.name, avg(r1_0.ranking) from Ranking as r1_0 left outer join Person as s1_0 on r1_0.subject_id = s1_0.id left outer join Skill as s2_0 on r1_0.skill_id = s2_0.id where s2_0.name = ? group by s1_0.name order by avg(r1_0.ranking) desc fetch first ? rows only
Hibernate: select p1_0.id, p1_0.name from Person as p1_0 where p1_0.name = ?
]]></system-out>
  </testcase>
  <testcase name="removeNonexistRanking" classname="com.hibernate.project.application.RemoveRankingTest" time="0.0">
    <system-out><![CDATA[Hibernate: select r1_0.id, r1_0.observer_id, r1_0.ranking, r1_0.skill_id, r1_0.subject_id from Ranking as r1_0 left outer join Person as o1_0 on r1_0.observer_id = o1_0.id left outer join Person as s1_0 on r1_0.subject_id = s1_0.id left outer join Skill as s2_0 on r1_0.skill_id = s2_0.id where s1_0.name = ? and o1_0.name = ? and s2_0.name = ?
]]></system-out>
  </testcase>
  <testcase name="removeRanking" classname="com.hibernate.project.application.RemoveRankingTest" time="0.032">
    <system-out><![CDATA[Hibernate: select p1_0.id, p1_0.name from Person as p1_0 where p1_0.name = ?
Hibernate: insert into Person (id, name) values (null, ?)
Hibernate: select p1_0.id, p1_0.name from Person as p1_0 where p1_0.name = ?
Hibernate: insert into Person (id, name) values (null, ?)
Hibernate: select s1_0.id, s1_0.name from Skill as s1_0 where s1_0.name = ?
Hibernate: insert into Skill (name, id) values (?, ?)
Hibernate: insert into Ranking (observer_id, ranking, skill_id, subject_id, id) values (?, ?, ?, ?, ?)
Hibernate: select r1_0.id, r1_0.observer_id, r1_0.ranking, r1_0.skill_id, r1_0.subject_id from Ranking as r1_0 left outer join Person as s1_0 on r1_0.subject_id = s1_0.id left outer join Skill as s2_0 on r1_0.skill_id = s2_0.id where s1_0.name = ? and s2_0.name = ?
Hibernate: select p1_0.id, p1_0.name from Person as p1_0 where p1_0.id = ?
Hibernate: select s1_0.id, s1_0.name from Skill as s1_0 where s1_0.id = ?
Hibernate: select p1_0.id, p1_0.name from Person as p1_0 where p1_0.id = ?
Hibernate: select r1_0.id, r1_0.observer_id, r1_0.ranking, r1_0.skill_id, r1_0.subject_id from Ranking as r1_0 left outer join Person as o1_0 on r1_0.observer_id = o1_0.id left outer join Person as s1_0 on r1_0.subject_id = s1_0.id left outer join Skill as s2_0 on r1_0.skill_id = s2_0.id where s1_0.name = ? and o1_0.name = ? and s2_0.name = ?
Hibernate: select p1_0.id, p1_0.name from Person as p1_0 where p1_0.id = ?
Hibernate: select s1_0.id, s1_0.name from Skill as s1_0 where s1_0.id = ?
Hibernate: select p1_0.id, p1_0.name from Person as p1_0 where p1_0.id = ?
Hibernate: delete from Ranking where id=?
Hibernate: select r1_0.id, r1_0.observer_id, r1_0.ranking, r1_0.skill_id, r1_0.subject_id from Ranking as r1_0 left outer join Person as s1_0 on r1_0.subject_id = s1_0.id left outer join Skill as s2_0 on r1_0.skill_id = s2_0.id where s1_0.name = ? and s2_0.name = ?
]]></system-out>
  </testcase>
  <testcase name="updateExistingRanking" classname="com.hibernate.project.application.UpdateRankingTest" time="0.05">
    <system-out><![CDATA[Hibernate: select p1_0.id, p1_0.name from Person as p1_0 where p1_0.name = ?
Hibernate: insert into Person (id, name) values (null, ?)
Hibernate: select p1_0.id, p1_0.name from Person as p1_0 where p1_0.name = ?
Hibernate: insert into Person (id, name) values (null, ?)
Hibernate: select s1_0.id, s1_0.name from Skill as s1_0 where s1_0.name = ?
Hibernate: insert into Skill (name, id) values (?, ?)
Hibernate: insert into Ranking (observer_id, ranking, skill_id, subject_id, id) values (?, ?, ?, ?, ?)
Hibernate: select r1_0.id, r1_0.observer_id, r1_0.ranking, r1_0.skill_id, r1_0.subject_id from Ranking as r1_0 left outer join Person as s1_0 on r1_0.subject_id = s1_0.id left outer join Skill as s2_0 on r1_0.skill_id = s2_0.id where s1_0.name = ? and s2_0.name = ?
Hibernate: select p1_0.id, p1_0.name from Person as p1_0 where p1_0.id = ?
Hibernate: select s1_0.id, s1_0.name from Skill as s1_0 where s1_0.id = ?
Hibernate: select p1_0.id, p1_0.name from Person as p1_0 where p1_0.id = ?
Hibernate: select r1_0.id, r1_0.observer_id, r1_0.ranking, r1_0.skill_id, r1_0.subject_id from Ranking as r1_0 left outer join Person as o1_0 on r1_0.observer_id = o1_0.id left outer join Person as s1_0 on r1_0.subject_id = s1_0.id left outer join Skill as s2_0 on r1_0.skill_id = s2_0.id where s1_0.name = ? and o1_0.name = ? and s2_0.name = ?
Hibernate: select p1_0.id, p1_0.name from Person as p1_0 where p1_0.id = ?
Hibernate: select s1_0.id, s1_0.name from Skill as s1_0 where s1_0.id = ?
Hibernate: select p1_0.id, p1_0.name from Person as p1_0 where p1_0.id = ?
Hibernate: update Ranking set observer_id=?, ranking=?, skill_id=?, subject_id=? where id=?
Hibernate: select r1_0.id, r1_0.observer_id, r1_0.ranking, r1_0.skill_id, r1_0.subject_id from Ranking as r1_0 left outer join Person as s1_0 on r1_0.subject_id = s1_0.id left outer join Skill as s2_0 on r1_0.skill_id = s2_0.id where s1_0.name = ? and s2_0.name = ?
Hibernate: select p1_0.id, p1_0.name from Person as p1_0 where p1_0.id = ?
Hibernate: select s1_0.id, s1_0.name from Skill as s1_0 where s1_0.id = ?
Hibernate: select p1_0.id, p1_0.name from Person as p1_0 where p1_0.id = ?
]]></system-out>
  </testcase>
  <testcase name="updateNonexistingRanking" classname="com.hibernate.project.application.UpdateRankingTest" time="0.0">
    <system-out><![CDATA[Hibernate: select r1_0.id, r1_0.observer_id, r1_0.ranking, r1_0.skill_id, r1_0.subject_id from Ranking as r1_0 left outer join Person as s1_0 on r1_0.subject_id = s1_0.id left outer join Skill as s2_0 on r1_0.skill_id = s2_0.id where s1_0.name = ? and s2_0.name = ?
Hibernate: select r1_0.id, r1_0.observer_id, r1_0.ranking, r1_0.skill_id, r1_0.subject_id from Ranking as r1_0 left outer join Person as o1_0 on r1_0.observer_id = o1_0.id left outer join Person as s1_0 on r1_0.subject_id = s1_0.id left outer join Skill as s2_0 on r1_0.skill_id = s2_0.id where s1_0.name = ? and o1_0.name = ? and s2_0.name = ?
Hibernate: select p1_0.id, p1_0.name from Person as p1_0 where p1_0.id = ?
Hibernate: select s1_0.id, s1_0.name from Skill as s1_0 where s1_0.id = ?
Hibernate: select p1_0.id, p1_0.name from Person as p1_0 where p1_0.id = ?
Hibernate: select r1_0.id, r1_0.observer_id, r1_0.ranking, r1_0.skill_id, r1_0.subject_id from Ranking as r1_0 left outer join Person as s1_0 on r1_0.subject_id = s1_0.id left outer join Skill as s2_0 on r1_0.skill_id = s2_0.id where s1_0.name = ? and s2_0.name = ?
Hibernate: select p1_0.id, p1_0.name from Person as p1_0 where p1_0.id = ?
Hibernate: select s1_0.id, s1_0.name from Skill as s1_0 where s1_0.id = ?
Hibernate: select p1_0.id, p1_0.name from Person as p1_0 where p1_0.id = ?
]]></system-out>
  </testcase>
  <testcase name="changeRanking" classname="com.hibernate.project.PersonTest" time="0.038">
    <system-out><![CDATA[Hibernate: drop table if exists Person cascade 
Hibernate: drop table if exists Ranking cascade 
Hibernate: drop table if exists Skill cascade 
Hibernate: drop sequence if exists Ranking_SEQ
Hibernate: drop sequence if exists Skill_SEQ
Hibernate: create sequence Ranking_SEQ start with 1 increment by 50
Hibernate: create sequence Skill_SEQ start with 1 increment by 50
Hibernate: create table Person (id bigint generated by default as identity, name varchar(255), primary key (id))
Hibernate: create table Ranking (id bigint not null, ranking integer, observer_id bigint, skill_id bigint, subject_id bigint, primary key (id))
Hibernate: create table Skill (id bigint not null, name varchar(255), primary key (id))
Hibernate: alter table if exists Person add constraint UK_is4vd0f6kw9sw4dxyie5cy9fa unique (name)
Hibernate: alter table if exists Ranking add constraint FKive1infoo3bhngyyh21wpjowd foreign key (observer_id) references Person
Hibernate: alter table if exists Ranking add constraint FK4k8xflg6vgtx54xdi3l86oxv3 foreign key (skill_id) references Skill
Hibernate: alter table if exists Ranking add constraint FKco74nphdiivkvnlujo211y2s9 foreign key (subject_id) references Person
Hibernate: select p1_0.id, p1_0.name from Person as p1_0 where p1_0.name = ?
Hibernate: insert into Person (id, name) values (null, ?)
Hibernate: select p1_0.id, p1_0.name from Person as p1_0 where p1_0.name = ?
Hibernate: insert into Person (id, name) values (null, ?)
Hibernate: select s1_0.id, s1_0.name from Skill as s1_0 where s1_0.name = ?
Hibernate: call next value for Skill_SEQ
Hibernate: call next value for Skill_SEQ
Hibernate: call next value for Ranking_SEQ
Hibernate: call next value for Ranking_SEQ
Hibernate: select p1_0.id, p1_0.name from Person as p1_0 where p1_0.name = ?
Hibernate: select p1_0.id, p1_0.name from Person as p1_0 where p1_0.name = ?
Hibernate: insert into Skill (name, id) values (?, ?)
Hibernate: insert into Ranking (observer_id, ranking, skill_id, subject_id, id) values (?, ?, ?, ?, ?)
Hibernate: insert into Person (id, name) values (null, ?)
Hibernate: select s1_0.id, s1_0.name from Skill as s1_0 where s1_0.name = ?
Hibernate: select p1_0.id, p1_0.name from Person as p1_0 where p1_0.name = ?
Hibernate: select p1_0.id, p1_0.name from Person as p1_0 where p1_0.name = ?
Hibernate: insert into Ranking (observer_id, ranking, skill_id, subject_id, id) values (?, ?, ?, ?, ?)
Hibernate: insert into Person (id, name) values (null, ?)
Hibernate: select s1_0.id, s1_0.name from Skill as s1_0 where s1_0.name = ?
Hibernate: insert into Ranking (observer_id, ranking, skill_id, subject_id, id) values (?, ?, ?, ?, ?)
Hibernate: select r1_0.id, r1_0.observer_id, r1_0.ranking, r1_0.skill_id, r1_0.subject_id from Ranking as r1_0 left outer join Person as o1_0 on r1_0.observer_id = o1_0.id left outer join Person as s1_0 on r1_0.subject_id = s1_0.id left outer join Skill as s2_0 on r1_0.skill_id = s2_0.id where s1_0.name = ? and o1_0.name = ? and s2_0.name = ?
Hibernate: select p1_0.id, p1_0.name from Person as p1_0 where p1_0.id = ?
Hibernate: select s1_0.id, s1_0.name from Skill as s1_0 where s1_0.id = ?
Hibernate: select p1_0.id, p1_0.name from Person as p1_0 where p1_0.id = ?
Hibernate: update Ranking set observer_id=?, ranking=?, skill_id=?, subject_id=? where id=?
Hibernate: select r1_0.id, r1_0.observer_id, r1_0.ranking, r1_0.skill_id, r1_0.subject_id from Ranking as r1_0 left outer join Person as s1_0 on r1_0.subject_id = s1_0.id left outer join Skill as s2_0 on r1_0.skill_id = s2_0.id where s1_0.name = ? and s2_0.name = ?
Hibernate: select p1_0.id, p1_0.name from Person as p1_0 where p1_0.id = ?
Hibernate: select s1_0.id, s1_0.name from Skill as s1_0 where s1_0.id = ?
Hibernate: select p1_0.id, p1_0.name from Person as p1_0 where p1_0.id = ?
Hibernate: select p1_0.id, p1_0.name from Person as p1_0 where p1_0.id = ?
Hibernate: select p1_0.id, p1_0.name from Person as p1_0 where p1_0.id = ?
]]></system-out>
  </testcase>
  <testcase name="removeRanking" classname="com.hibernate.project.PersonTest" time="0.03">
    <system-out><![CDATA[Hibernate: drop table if exists Person cascade 
Hibernate: drop table if exists Ranking cascade 
Hibernate: drop table if exists Skill cascade 
Hibernate: drop sequence if exists Ranking_SEQ
Hibernate: drop sequence if exists Skill_SEQ
Hibernate: drop table if exists Person cascade 
Hibernate: drop table if exists Ranking cascade 
Hibernate: drop table if exists Skill cascade 
Hibernate: drop sequence if exists Ranking_SEQ
Hibernate: drop sequence if exists Skill_SEQ
Hibernate: create sequence Ranking_SEQ start with 1 increment by 50
Hibernate: create sequence Skill_SEQ start with 1 increment by 50
Hibernate: create table Person (id bigint generated by default as identity, name varchar(255), primary key (id))
Hibernate: create table Ranking (id bigint not null, ranking integer, observer_id bigint, skill_id bigint, subject_id bigint, primary key (id))
Hibernate: create table Skill (id bigint not null, name varchar(255), primary key (id))
Hibernate: alter table if exists Person add constraint UK_is4vd0f6kw9sw4dxyie5cy9fa unique (name)
Hibernate: alter table if exists Ranking add constraint FKive1infoo3bhngyyh21wpjowd foreign key (observer_id) references Person
Hibernate: alter table if exists Ranking add constraint FK4k8xflg6vgtx54xdi3l86oxv3 foreign key (skill_id) references Skill
Hibernate: alter table if exists Ranking add constraint FKco74nphdiivkvnlujo211y2s9 foreign key (subject_id) references Person
Hibernate: select p1_0.id, p1_0.name from Person as p1_0 where p1_0.name = ?
Hibernate: insert into Person (id, name) values (null, ?)
Hibernate: select p1_0.id, p1_0.name from Person as p1_0 where p1_0.name = ?
Hibernate: insert into Person (id, name) values (null, ?)
Hibernate: select s1_0.id, s1_0.name from Skill as s1_0 where s1_0.name = ?
Hibernate: call next value for Skill_SEQ
Hibernate: call next value for Skill_SEQ
Hibernate: call next value for Ranking_SEQ
Hibernate: call next value for Ranking_SEQ
Hibernate: select p1_0.id, p1_0.name from Person as p1_0 where p1_0.name = ?
Hibernate: select p1_0.id, p1_0.name from Person as p1_0 where p1_0.name = ?
Hibernate: insert into Skill (name, id) values (?, ?)
Hibernate: insert into Ranking (observer_id, ranking, skill_id, subject_id, id) values (?, ?, ?, ?, ?)
Hibernate: insert into Person (id, name) values (null, ?)
Hibernate: select s1_0.id, s1_0.name from Skill as s1_0 where s1_0.name = ?
Hibernate: select p1_0.id, p1_0.name from Person as p1_0 where p1_0.name = ?
Hibernate: select p1_0.id, p1_0.name from Person as p1_0 where p1_0.name = ?
Hibernate: insert into Ranking (observer_id, ranking, skill_id, subject_id, id) values (?, ?, ?, ?, ?)
Hibernate: insert into Person (id, name) values (null, ?)
Hibernate: select s1_0.id, s1_0.name from Skill as s1_0 where s1_0.name = ?
Hibernate: insert into Ranking (observer_id, ranking, skill_id, subject_id, id) values (?, ?, ?, ?, ?)
Hibernate: select r1_0.id, r1_0.observer_id, r1_0.ranking, r1_0.skill_id, r1_0.subject_id from Ranking as r1_0 left outer join Person as o1_0 on r1_0.observer_id = o1_0.id left outer join Person as s1_0 on r1_0.subject_id = s1_0.id left outer join Skill as s2_0 on r1_0.skill_id = s2_0.id where s1_0.name = ? and o1_0.name = ? and s2_0.name = ?
Hibernate: select p1_0.id, p1_0.name from Person as p1_0 where p1_0.id = ?
Hibernate: select s1_0.id, s1_0.name from Skill as s1_0 where s1_0.id = ?
Hibernate: select p1_0.id, p1_0.name from Person as p1_0 where p1_0.id = ?
Hibernate: delete from Ranking where id=?
Hibernate: select r1_0.id, r1_0.observer_id, r1_0.ranking, r1_0.skill_id, r1_0.subject_id from Ranking as r1_0 left outer join Person as s1_0 on r1_0.subject_id = s1_0.id left outer join Skill as s2_0 on r1_0.skill_id = s2_0.id where s1_0.name = ? and s2_0.name = ?
Hibernate: select p1_0.id, p1_0.name from Person as p1_0 where p1_0.id = ?
Hibernate: select s1_0.id, s1_0.name from Skill as s1_0 where s1_0.id = ?
Hibernate: select p1_0.id, p1_0.name from Person as p1_0 where p1_0.id = ?
Hibernate: select p1_0.id, p1_0.name from Person as p1_0 where p1_0.id = ?
]]></system-out>
  </testcase>
  <testcase name="testRankings" classname="com.hibernate.project.PersonTest" time="0.031">
    <system-out><![CDATA[Hibernate: drop table if exists Person cascade 
Hibernate: drop table if exists Ranking cascade 
Hibernate: drop table if exists Skill cascade 
Hibernate: drop sequence if exists Ranking_SEQ
Hibernate: drop sequence if exists Skill_SEQ
Hibernate: drop table if exists Person cascade 
Hibernate: drop table if exists Ranking cascade 
Hibernate: drop table if exists Skill cascade 
Hibernate: drop sequence if exists Ranking_SEQ
Hibernate: drop sequence if exists Skill_SEQ
Hibernate: create sequence Ranking_SEQ start with 1 increment by 50
Hibernate: create sequence Skill_SEQ start with 1 increment by 50
Hibernate: create table Person (id bigint generated by default as identity, name varchar(255), primary key (id))
Hibernate: create table Ranking (id bigint not null, ranking integer, observer_id bigint, skill_id bigint, subject_id bigint, primary key (id))
Hibernate: create table Skill (id bigint not null, name varchar(255), primary key (id))
Hibernate: alter table if exists Person add constraint UK_is4vd0f6kw9sw4dxyie5cy9fa unique (name)
Hibernate: alter table if exists Ranking add constraint FKive1infoo3bhngyyh21wpjowd foreign key (observer_id) references Person
Hibernate: alter table if exists Ranking add constraint FK4k8xflg6vgtx54xdi3l86oxv3 foreign key (skill_id) references Skill
Hibernate: alter table if exists Ranking add constraint FKco74nphdiivkvnlujo211y2s9 foreign key (subject_id) references Person
Hibernate: select p1_0.id, p1_0.name from Person as p1_0 where p1_0.name = ?
Hibernate: insert into Person (id, name) values (null, ?)
Hibernate: select p1_0.id, p1_0.name from Person as p1_0 where p1_0.name = ?
Hibernate: insert into Person (id, name) values (null, ?)
Hibernate: select s1_0.id, s1_0.name from Skill as s1_0 where s1_0.name = ?
Hibernate: call next value for Skill_SEQ
Hibernate: call next value for Skill_SEQ
Hibernate: call next value for Ranking_SEQ
Hibernate: call next value for Ranking_SEQ
Hibernate: select p1_0.id, p1_0.name from Person as p1_0 where p1_0.name = ?
Hibernate: select p1_0.id, p1_0.name from Person as p1_0 where p1_0.name = ?
Hibernate: insert into Skill (name, id) values (?, ?)
Hibernate: insert into Ranking (observer_id, ranking, skill_id, subject_id, id) values (?, ?, ?, ?, ?)
Hibernate: insert into Person (id, name) values (null, ?)
Hibernate: select s1_0.id, s1_0.name from Skill as s1_0 where s1_0.name = ?
Hibernate: select p1_0.id, p1_0.name from Person as p1_0 where p1_0.name = ?
Hibernate: select p1_0.id, p1_0.name from Person as p1_0 where p1_0.name = ?
Hibernate: insert into Ranking (observer_id, ranking, skill_id, subject_id, id) values (?, ?, ?, ?, ?)
Hibernate: insert into Person (id, name) values (null, ?)
Hibernate: select s1_0.id, s1_0.name from Skill as s1_0 where s1_0.name = ?
Hibernate: insert into Ranking (observer_id, ranking, skill_id, subject_id, id) values (?, ?, ?, ?, ?)
Hibernate: select r1_0.id, r1_0.observer_id, r1_0.ranking, r1_0.skill_id, r1_0.subject_id from Ranking as r1_0 left outer join Person as s1_0 on r1_0.subject_id = s1_0.id left outer join Skill as s2_0 on r1_0.skill_id = s2_0.id where s1_0.name = ? and s2_0.name = ?
Hibernate: select p1_0.id, p1_0.name from Person as p1_0 where p1_0.id = ?
Hibernate: select s1_0.id, s1_0.name from Skill as s1_0 where s1_0.id = ?
Hibernate: select p1_0.id, p1_0.name from Person as p1_0 where p1_0.id = ?
Hibernate: select p1_0.id, p1_0.name from Person as p1_0 where p1_0.id = ?
Hibernate: select p1_0.id, p1_0.name from Person as p1_0 where p1_0.id = ?
]]></system-out>
  </testcase>
  <testcase name="testSavePerson" classname="com.hibernate.project.PersonTest" time="0.0">
    <system-out><![CDATA[Hibernate: drop table if exists Person cascade 
Hibernate: drop table if exists Ranking cascade 
Hibernate: drop table if exists Skill cascade 
Hibernate: drop sequence if exists Ranking_SEQ
Hibernate: drop sequence if exists Skill_SEQ
Hibernate: drop table if exists Person cascade 
Hibernate: drop table if exists Ranking cascade 
Hibernate: drop table if exists Skill cascade 
Hibernate: drop sequence if exists Ranking_SEQ
Hibernate: drop sequence if exists Skill_SEQ
Hibernate: create sequence Ranking_SEQ start with 1 increment by 50
Hibernate: create sequence Skill_SEQ start with 1 increment by 50
Hibernate: create table Person (id bigint generated by default as identity, name varchar(255), primary key (id))
Hibernate: create table Ranking (id bigint not null, ranking integer, observer_id bigint, skill_id bigint, subject_id bigint, primary key (id))
Hibernate: create table Skill (id bigint not null, name varchar(255), primary key (id))
Hibernate: alter table if exists Person add constraint UK_is4vd0f6kw9sw4dxyie5cy9fa unique (name)
Hibernate: alter table if exists Ranking add constraint FKive1infoo3bhngyyh21wpjowd foreign key (observer_id) references Person
Hibernate: alter table if exists Ranking add constraint FK4k8xflg6vgtx54xdi3l86oxv3 foreign key (skill_id) references Skill
Hibernate: alter table if exists Ranking add constraint FKco74nphdiivkvnlujo211y2s9 foreign key (subject_id) references Person
Hibernate: insert into Person (id, name) values (null, ?)
]]></system-out>
  </testcase>
  <testcase name="testSaveRanking" classname="com.hibernate.project.PersonTest" time="0.006">
    <system-out><![CDATA[Hibernate: drop table if exists Person cascade 
Hibernate: drop table if exists Ranking cascade 
Hibernate: drop table if exists Skill cascade 
Hibernate: drop sequence if exists Ranking_SEQ
Hibernate: drop sequence if exists Skill_SEQ
Hibernate: drop table if exists Person cascade 
Hibernate: drop table if exists Ranking cascade 
Hibernate: drop table if exists Skill cascade 
Hibernate: drop sequence if exists Ranking_SEQ
Hibernate: drop sequence if exists Skill_SEQ
Hibernate: create sequence Ranking_SEQ start with 1 increment by 50
Hibernate: create sequence Skill_SEQ start with 1 increment by 50
Hibernate: create table Person (id bigint generated by default as identity, name varchar(255), primary key (id))
Hibernate: create table Ranking (id bigint not null, ranking integer, observer_id bigint, skill_id bigint, subject_id bigint, primary key (id))
Hibernate: create table Skill (id bigint not null, name varchar(255), primary key (id))
Hibernate: alter table if exists Person add constraint UK_is4vd0f6kw9sw4dxyie5cy9fa unique (name)
Hibernate: alter table if exists Ranking add constraint FKive1infoo3bhngyyh21wpjowd foreign key (observer_id) references Person
Hibernate: alter table if exists Ranking add constraint FK4k8xflg6vgtx54xdi3l86oxv3 foreign key (skill_id) references Skill
Hibernate: alter table if exists Ranking add constraint FKco74nphdiivkvnlujo211y2s9 foreign key (subject_id) references Person
Hibernate: select p1_0.id, p1_0.name from Person as p1_0 where p1_0.name = ?
Hibernate: insert into Person (id, name) values (null, ?)
Hibernate: select p1_0.id, p1_0.name from Person as p1_0 where p1_0.name = ?
Hibernate: insert into Person (id, name) values (null, ?)
Hibernate: select s1_0.id, s1_0.name from Skill as s1_0 where s1_0.name = ?
Hibernate: call next value for Skill_SEQ
Hibernate: call next value for Skill_SEQ
Hibernate: call next value for Ranking_SEQ
Hibernate: call next value for Ranking_SEQ
Hibernate: insert into Skill (name, id) values (?, ?)
Hibernate: insert into Ranking (observer_id, ranking, skill_id, subject_id, id) values (?, ?, ?, ?, ?)
]]></system-out>
  </testcase>
  <testcase name="changeRanking" classname="com.hibernate.project.RankingTest" time="0.019">
    <system-out><![CDATA[Hibernate: drop table if exists Person cascade 
Hibernate: drop table if exists Ranking cascade 
Hibernate: drop table if exists Skill cascade 
Hibernate: drop sequence if exists Ranking_SEQ
Hibernate: drop sequence if exists Skill_SEQ
Hibernate: drop table if exists Person cascade 
Hibernate: drop table if exists Ranking cascade 
Hibernate: drop table if exists Skill cascade 
Hibernate: drop sequence if exists Ranking_SEQ
Hibernate: drop sequence if exists Skill_SEQ
Hibernate: create sequence Ranking_SEQ start with 1 increment by 50
Hibernate: create sequence Skill_SEQ start with 1 increment by 50
Hibernate: create table Person (id bigint generated by default as identity, name varchar(255), primary key (id))
Hibernate: create table Ranking (id bigint not null, ranking integer, observer_id bigint, skill_id bigint, subject_id bigint, primary key (id))
Hibernate: create table Skill (id bigint not null, name varchar(255), primary key (id))
Hibernate: alter table if exists Person add constraint UK_is4vd0f6kw9sw4dxyie5cy9fa unique (name)
Hibernate: alter table if exists Ranking add constraint FKive1infoo3bhngyyh21wpjowd foreign key (observer_id) references Person
Hibernate: alter table if exists Ranking add constraint FK4k8xflg6vgtx54xdi3l86oxv3 foreign key (skill_id) references Skill
Hibernate: alter table if exists Ranking add constraint FKco74nphdiivkvnlujo211y2s9 foreign key (subject_id) references Person
Hibernate: select p1_0.id, p1_0.name from Person as p1_0 where p1_0.name = ?
Hibernate: insert into Person (id, name) values (null, ?)
Hibernate: select p1_0.id, p1_0.name from Person as p1_0 where p1_0.name = ?
Hibernate: insert into Person (id, name) values (null, ?)
Hibernate: select s1_0.id, s1_0.name from Skill as s1_0 where s1_0.name = ?
Hibernate: call next value for Skill_SEQ
Hibernate: call next value for Skill_SEQ
Hibernate: call next value for Ranking_SEQ
Hibernate: call next value for Ranking_SEQ
Hibernate: select p1_0.id, p1_0.name from Person as p1_0 where p1_0.name = ?
Hibernate: select p1_0.id, p1_0.name from Person as p1_0 where p1_0.name = ?
Hibernate: insert into Skill (name, id) values (?, ?)
Hibernate: insert into Ranking (observer_id, ranking, skill_id, subject_id, id) values (?, ?, ?, ?, ?)
Hibernate: insert into Person (id, name) values (null, ?)
Hibernate: select s1_0.id, s1_0.name from Skill as s1_0 where s1_0.name = ?
Hibernate: select p1_0.id, p1_0.name from Person as p1_0 where p1_0.name = ?
Hibernate: select p1_0.id, p1_0.name from Person as p1_0 where p1_0.name = ?
Hibernate: insert into Ranking (observer_id, ranking, skill_id, subject_id, id) values (?, ?, ?, ?, ?)
Hibernate: insert into Person (id, name) values (null, ?)
Hibernate: select s1_0.id, s1_0.name from Skill as s1_0 where s1_0.name = ?
Hibernate: insert into Ranking (observer_id, ranking, skill_id, subject_id, id) values (?, ?, ?, ?, ?)
Hibernate: select r1_0.id, r1_0.observer_id, r1_0.ranking, r1_0.skill_id, r1_0.subject_id from Ranking as r1_0 left outer join Person as o1_0 on r1_0.observer_id = o1_0.id left outer join Person as s1_0 on r1_0.subject_id = s1_0.id left outer join Skill as s2_0 on r1_0.skill_id = s2_0.id where s1_0.name = ? and o1_0.name = ? and s2_0.name = ?
Hibernate: select p1_0.id, p1_0.name from Person as p1_0 where p1_0.id = ?
Hibernate: select s1_0.id, s1_0.name from Skill as s1_0 where s1_0.id = ?
Hibernate: select p1_0.id, p1_0.name from Person as p1_0 where p1_0.id = ?
Hibernate: update Ranking set observer_id=?, ranking=?, skill_id=?, subject_id=? where id=?
]]></system-out>
  </testcase>
  <testcase name="removeRanking" classname="com.hibernate.project.RankingTest" time="0.008">
    <system-out><![CDATA[Hibernate: drop table if exists Person cascade 
Hibernate: drop table if exists Ranking cascade 
Hibernate: drop table if exists Skill cascade 
Hibernate: drop sequence if exists Ranking_SEQ
Hibernate: drop sequence if exists Skill_SEQ
Hibernate: drop table if exists Person cascade 
Hibernate: drop table if exists Ranking cascade 
Hibernate: drop table if exists Skill cascade 
Hibernate: drop sequence if exists Ranking_SEQ
Hibernate: drop sequence if exists Skill_SEQ
Hibernate: create sequence Ranking_SEQ start with 1 increment by 50
Hibernate: create sequence Skill_SEQ start with 1 increment by 50
Hibernate: create table Person (id bigint generated by default as identity, name varchar(255), primary key (id))
Hibernate: create table Ranking (id bigint not null, ranking integer, observer_id bigint, skill_id bigint, subject_id bigint, primary key (id))
Hibernate: create table Skill (id bigint not null, name varchar(255), primary key (id))
Hibernate: alter table if exists Person add constraint UK_is4vd0f6kw9sw4dxyie5cy9fa unique (name)
Hibernate: alter table if exists Ranking add constraint FKive1infoo3bhngyyh21wpjowd foreign key (observer_id) references Person
Hibernate: alter table if exists Ranking add constraint FK4k8xflg6vgtx54xdi3l86oxv3 foreign key (skill_id) references Skill
Hibernate: alter table if exists Ranking add constraint FKco74nphdiivkvnlujo211y2s9 foreign key (subject_id) references Person
Hibernate: select p1_0.id, p1_0.name from Person as p1_0 where p1_0.name = ?
Hibernate: insert into Person (id, name) values (null, ?)
Hibernate: select p1_0.id, p1_0.name from Person as p1_0 where p1_0.name = ?
Hibernate: insert into Person (id, name) values (null, ?)
Hibernate: select s1_0.id, s1_0.name from Skill as s1_0 where s1_0.name = ?
Hibernate: call next value for Skill_SEQ
Hibernate: call next value for Skill_SEQ
Hibernate: call next value for Ranking_SEQ
Hibernate: call next value for Ranking_SEQ
Hibernate: select p1_0.id, p1_0.name from Person as p1_0 where p1_0.name = ?
Hibernate: select p1_0.id, p1_0.name from Person as p1_0 where p1_0.name = ?
Hibernate: insert into Skill (name, id) values (?, ?)
Hibernate: insert into Ranking (observer_id, ranking, skill_id, subject_id, id) values (?, ?, ?, ?, ?)
Hibernate: insert into Person (id, name) values (null, ?)
Hibernate: select s1_0.id, s1_0.name from Skill as s1_0 where s1_0.name = ?
Hibernate: select p1_0.id, p1_0.name from Person as p1_0 where p1_0.name = ?
Hibernate: select p1_0.id, p1_0.name from Person as p1_0 where p1_0.name = ?
Hibernate: insert into Ranking (observer_id, ranking, skill_id, subject_id, id) values (?, ?, ?, ?, ?)
Hibernate: insert into Person (id, name) values (null, ?)
Hibernate: select s1_0.id, s1_0.name from Skill as s1_0 where s1_0.name = ?
Hibernate: insert into Ranking (observer_id, ranking, skill_id, subject_id, id) values (?, ?, ?, ?, ?)
Hibernate: select r1_0.id, r1_0.observer_id, r1_0.ranking, r1_0.skill_id, r1_0.subject_id from Ranking as r1_0 left outer join Person as o1_0 on r1_0.observer_id = o1_0.id left outer join Person as s1_0 on r1_0.subject_id = s1_0.id left outer join Skill as s2_0 on r1_0.skill_id = s2_0.id where s1_0.name = ? and o1_0.name = ? and s2_0.name = ?
Hibernate: select p1_0.id, p1_0.name from Person as p1_0 where p1_0.id = ?
Hibernate: select s1_0.id, s1_0.name from Skill as s1_0 where s1_0.id = ?
Hibernate: select p1_0.id, p1_0.name from Person as p1_0 where p1_0.id = ?
Hibernate: delete from Ranking where id=?
Hibernate: select r1_0.id, r1_0.observer_id, r1_0.ranking, r1_0.skill_id, r1_0.subject_id from Ranking as r1_0 left outer join Person as s1_0 on r1_0.subject_id = s1_0.id left outer join Skill as s2_0 on r1_0.skill_id = s2_0.id where s1_0.name = ? and s2_0.name = ?
Hibernate: select p1_0.id, p1_0.name from Person as p1_0 where p1_0.id = ?
Hibernate: select s1_0.id, s1_0.name from Skill as s1_0 where s1_0.id = ?
Hibernate: select p1_0.id, p1_0.name from Person as p1_0 where p1_0.id = ?
Hibernate: select p1_0.id, p1_0.name from Person as p1_0 where p1_0.id = ?
]]></system-out>
  </testcase>
  <testcase name="testRanking" classname="com.hibernate.project.RankingTest" time="0.005">
    <system-out><![CDATA[Hibernate: drop table if exists Person cascade 
Hibernate: drop table if exists Ranking cascade 
Hibernate: drop table if exists Skill cascade 
Hibernate: drop sequence if exists Ranking_SEQ
Hibernate: drop sequence if exists Skill_SEQ
Hibernate: drop table if exists Person cascade 
Hibernate: drop table if exists Ranking cascade 
Hibernate: drop table if exists Skill cascade 
Hibernate: drop sequence if exists Ranking_SEQ
Hibernate: drop sequence if exists Skill_SEQ
Hibernate: create sequence Ranking_SEQ start with 1 increment by 50
Hibernate: create sequence Skill_SEQ start with 1 increment by 50
Hibernate: create table Person (id bigint generated by default as identity, name varchar(255), primary key (id))
Hibernate: create table Ranking (id bigint not null, ranking integer, observer_id bigint, skill_id bigint, subject_id bigint, primary key (id))
Hibernate: create table Skill (id bigint not null, name varchar(255), primary key (id))
Hibernate: alter table if exists Person add constraint UK_is4vd0f6kw9sw4dxyie5cy9fa unique (name)
Hibernate: alter table if exists Ranking add constraint FKive1infoo3bhngyyh21wpjowd foreign key (observer_id) references Person
Hibernate: alter table if exists Ranking add constraint FK4k8xflg6vgtx54xdi3l86oxv3 foreign key (skill_id) references Skill
Hibernate: alter table if exists Ranking add constraint FKco74nphdiivkvnlujo211y2s9 foreign key (subject_id) references Person
Hibernate: select p1_0.id, p1_0.name from Person as p1_0 where p1_0.name = ?
Hibernate: insert into Person (id, name) values (null, ?)
Hibernate: select p1_0.id, p1_0.name from Person as p1_0 where p1_0.name = ?
Hibernate: insert into Person (id, name) values (null, ?)
Hibernate: select s1_0.id, s1_0.name from Skill as s1_0 where s1_0.name = ?
Hibernate: call next value for Skill_SEQ
Hibernate: call next value for Skill_SEQ
Hibernate: call next value for Ranking_SEQ
Hibernate: call next value for Ranking_SEQ
Hibernate: select p1_0.id, p1_0.name from Person as p1_0 where p1_0.name = ?
Hibernate: select p1_0.id, p1_0.name from Person as p1_0 where p1_0.name = ?
Hibernate: insert into Skill (name, id) values (?, ?)
Hibernate: insert into Ranking (observer_id, ranking, skill_id, subject_id, id) values (?, ?, ?, ?, ?)
Hibernate: insert into Person (id, name) values (null, ?)
Hibernate: select s1_0.id, s1_0.name from Skill as s1_0 where s1_0.name = ?
Hibernate: select p1_0.id, p1_0.name from Person as p1_0 where p1_0.name = ?
Hibernate: select p1_0.id, p1_0.name from Person as p1_0 where p1_0.name = ?
Hibernate: insert into Ranking (observer_id, ranking, skill_id, subject_id, id) values (?, ?, ?, ?, ?)
Hibernate: insert into Person (id, name) values (null, ?)
Hibernate: select s1_0.id, s1_0.name from Skill as s1_0 where s1_0.name = ?
Hibernate: insert into Ranking (observer_id, ranking, skill_id, subject_id, id) values (?, ?, ?, ?, ?)
Hibernate: select r1_0.id, r1_0.observer_id, r1_0.ranking, r1_0.skill_id, r1_0.subject_id from Ranking as r1_0 left outer join Person as s1_0 on r1_0.subject_id = s1_0.id left outer join Skill as s2_0 on r1_0.skill_id = s2_0.id where s1_0.name = ? and s2_0.name = ?
Hibernate: select p1_0.id, p1_0.name from Person as p1_0 where p1_0.id = ?
Hibernate: select s1_0.id, s1_0.name from Skill as s1_0 where s1_0.id = ?
Hibernate: select p1_0.id, p1_0.name from Person as p1_0 where p1_0.id = ?
Hibernate: select p1_0.id, p1_0.name from Person as p1_0 where p1_0.id = ?
Hibernate: select p1_0.id, p1_0.name from Person as p1_0 where p1_0.id = ?
]]></system-out>
  </testcase>
  <testcase name="testSaveRanking" classname="com.hibernate.project.RankingTest" time="0.002">
    <system-out><![CDATA[Hibernate: drop table if exists Person cascade 
Hibernate: drop table if exists Ranking cascade 
Hibernate: drop table if exists Skill cascade 
Hibernate: drop sequence if exists Ranking_SEQ
Hibernate: drop sequence if exists Skill_SEQ
Hibernate: drop table if exists Person cascade 
Hibernate: drop table if exists Ranking cascade 
Hibernate: drop table if exists Skill cascade 
Hibernate: drop sequence if exists Ranking_SEQ
Hibernate: drop sequence if exists Skill_SEQ
Hibernate: create sequence Ranking_SEQ start with 1 increment by 50
Hibernate: create sequence Skill_SEQ start with 1 increment by 50
Hibernate: create table Person (id bigint generated by default as identity, name varchar(255), primary key (id))
Hibernate: create table Ranking (id bigint not null, ranking integer, observer_id bigint, skill_id bigint, subject_id bigint, primary key (id))
Hibernate: create table Skill (id bigint not null, name varchar(255), primary key (id))
Hibernate: alter table if exists Person add constraint UK_is4vd0f6kw9sw4dxyie5cy9fa unique (name)
Hibernate: alter table if exists Ranking add constraint FKive1infoo3bhngyyh21wpjowd foreign key (observer_id) references Person
Hibernate: alter table if exists Ranking add constraint FK4k8xflg6vgtx54xdi3l86oxv3 foreign key (skill_id) references Skill
Hibernate: alter table if exists Ranking add constraint FKco74nphdiivkvnlujo211y2s9 foreign key (subject_id) references Person
Hibernate: select p1_0.id, p1_0.name from Person as p1_0 where p1_0.name = ?
Hibernate: insert into Person (id, name) values (null, ?)
Hibernate: select p1_0.id, p1_0.name from Person as p1_0 where p1_0.name = ?
Hibernate: insert into Person (id, name) values (null, ?)
Hibernate: select s1_0.id, s1_0.name from Skill as s1_0 where s1_0.name = ?
Hibernate: call next value for Skill_SEQ
Hibernate: call next value for Skill_SEQ
Hibernate: insert into Skill (name, id) values (?, ?)
]]></system-out>
  </testcase>
  <testcase name="testModelCreation" classname="com.hibernate.project.simple.ModelTest" time="0.007">
    <system-out><![CDATA[Hibernate: drop table if exists Person cascade 
Hibernate: drop table if exists Ranking cascade 
Hibernate: drop table if exists Skill cascade 
Hibernate: drop sequence if exists Ranking_SEQ
Hibernate: drop sequence if exists Skill_SEQ
Ranking [subject=Person [name=J.C. Smell], observer=Person [name=Drew Lombardo], skill=Skill [name=Java], ranking=8]
]]></system-out>
  </testcase>
  <testcase name="testSessionFacotry" classname="com.hibernate.project.util.SessionBuilderTest" time="0.0"/>
</testsuite>