<?xml version="1.0" encoding="UTF-8"?>
<testsuite xmlns:xsi="http://www.w3.org/2001/XMLSchema-instance" xsi:noNamespaceSchemaLocation="https://maven.apache.org/surefire/maven-surefire-plugin/xsd/surefire-test-report-3.0.xsd" version="3.0" name="TestSuite" time="2.765" tests="6" errors="0" skipped="0" failures="2">
  <properties>
[...]
</properties>
  <testcase name="changeRanking" classname="com.hibernate.project.PersonTest" time="0.519">
    <system-out><![CDATA[11:23:07,059 |-INFO in ch.qos.logback.classic.LoggerContext[default] - Could NOT find resource [logback-test.xml]
11:23:07,059 |-INFO in ch.qos.logback.classic.LoggerContext[default] - Could NOT find resource [logback.groovy]
11:23:07,060 |-INFO in ch.qos.logback.classic.LoggerContext[default] - Found resource [logback.xml] at [file:/C:/Users/123/Desktop/JAVA%20projects/HibrnateBookLearning/hibernate_book_learning/chapter03/target/test-classes/logback.xml]
11:23:07,155 |-INFO in ch.qos.logback.classic.joran.action.ConfigurationAction - debug attribute not set
11:23:07,155 |-INFO in ch.qos.logback.core.joran.action.AppenderAction - About to instantiate appender of type [ch.qos.logback.core.ConsoleAppender]
11:23:07,163 |-INFO in ch.qos.logback.core.joran.action.AppenderAction - Naming appender as [STDOUT]
11:23:07,193 |-INFO in ch.qos.logback.classic.joran.action.LoggerAction - Setting level of logger [org.hibernate.SQL] to DEBUG
11:23:07,193 |-INFO in ch.qos.logback.classic.joran.action.LoggerAction - Setting additivity of logger [org.hibernate.SQL] to false
11:23:07,193 |-ERROR in ch.qos.logback.core.joran.action.AppenderRefAction - Could not find an appender named [SDTOUT]. Did you define it below instead of above in the configuration file?
11:23:07,193 |-ERROR in ch.qos.logback.core.joran.action.AppenderRefAction - See http://logback.qos.ch/codes.html#appender_order for more details.
11:23:07,193 |-INFO in ch.qos.logback.classic.joran.action.LoggerAction - Setting level of logger [org.hibernate.type.descriptor.sql] to TRACE
11:23:07,193 |-INFO in ch.qos.logback.classic.joran.action.LoggerAction - Setting additivity of logger [org.hibernate.type.descriptor.sql] to false
11:23:07,193 |-ERROR in ch.qos.logback.core.joran.action.AppenderRefAction - Could not find an appender named [SDTOUT]. Did you define it below instead of above in the configuration file?
11:23:07,193 |-ERROR in ch.qos.logback.core.joran.action.AppenderRefAction - See http://logback.qos.ch/codes.html#appender_order for more details.
11:23:07,193 |-INFO in ch.qos.logback.classic.joran.action.RootLoggerAction - Setting level of ROOT logger to INFO
11:23:07,193 |-ERROR in ch.qos.logback.core.joran.action.AppenderRefAction - Could not find an appender named [SDTOUT]. Did you define it below instead of above in the configuration file?
11:23:07,193 |-ERROR in ch.qos.logback.core.joran.action.AppenderRefAction - See http://logback.qos.ch/codes.html#appender_order for more details.
11:23:07,193 |-INFO in ch.qos.logback.classic.joran.action.ConfigurationAction - End of configuration.
11:23:07,193 |-INFO in ch.qos.logback.classic.joran.JoranConfigurator@209da20d - Registering current configuration as safe fallback point

Hibernate: drop table if exists Person cascade 
Hibernate: drop table if exists Ranking cascade 
Hibernate: drop table if exists Skill cascade 
Hibernate: drop sequence if exists Ranking_SEQ
Hibernate: drop sequence if exists Skill_SEQ
Hibernate: create sequence Ranking_SEQ start with 1 increment by 50
Hibernate: create sequence Skill_SEQ start with 1 increment by 50
Hibernate: create table Person (id bigint generated by default as identity, name varchar(255), primary key (id))
Hibernate: create table Ranking (id bigint not null, ranking integer, observer_id bigint, skill_id bigint, subject_id bigint, primary key (id))
Hibernate: create table Skill (id bigint not null, name varchar(255), primary key (id))
Hibernate: alter table if exists Person add constraint UK_is4vd0f6kw9sw4dxyie5cy9fa unique (name)
Hibernate: alter table if exists Ranking add constraint FKive1infoo3bhngyyh21wpjowd foreign key (observer_id) references Person
Hibernate: alter table if exists Ranking add constraint FK4k8xflg6vgtx54xdi3l86oxv3 foreign key (skill_id) references Skill
Hibernate: alter table if exists Ranking add constraint FKco74nphdiivkvnlujo211y2s9 foreign key (subject_id) references Person
Hibernate: select p1_0.id, p1_0.name from Person as p1_0 where p1_0.name = ?
Hibernate: insert into Person (id, name) values (null, ?)
Hibernate: select p1_0.id, p1_0.name from Person as p1_0 where p1_0.name = ?
Hibernate: insert into Person (id, name) values (null, ?)
Hibernate: select s1_0.id, s1_0.name from Skill as s1_0 where s1_0.name = ?
Hibernate: call next value for Skill_SEQ
Hibernate: call next value for Skill_SEQ
Hibernate: call next value for Ranking_SEQ
Hibernate: call next value for Ranking_SEQ
Hibernate: select p1_0.id, p1_0.name from Person as p1_0 where p1_0.name = ?
Hibernate: select p1_0.id, p1_0.name from Person as p1_0 where p1_0.name = ?
Hibernate: insert into Skill (name, id) values (?, ?)
Hibernate: insert into Ranking (observer_id, ranking, skill_id, subject_id, id) values (?, ?, ?, ?, ?)
Hibernate: insert into Person (id, name) values (null, ?)
Hibernate: select s1_0.id, s1_0.name from Skill as s1_0 where s1_0.name = ?
Hibernate: select p1_0.id, p1_0.name from Person as p1_0 where p1_0.name = ?
Hibernate: select p1_0.id, p1_0.name from Person as p1_0 where p1_0.name = ?
Hibernate: insert into Ranking (observer_id, ranking, skill_id, subject_id, id) values (?, ?, ?, ?, ?)
Hibernate: insert into Person (id, name) values (null, ?)
Hibernate: select s1_0.id, s1_0.name from Skill as s1_0 where s1_0.name = ?
Hibernate: insert into Ranking (observer_id, ranking, skill_id, subject_id, id) values (?, ?, ?, ?, ?)
Hibernate: select r1_0.id, r1_0.observer_id, r1_0.ranking, r1_0.skill_id, r1_0.subject_id from Ranking as r1_0 left outer join Person as o1_0 on r1_0.observer_id = o1_0.id left outer join Person as s1_0 on r1_0.subject_id = s1_0.id left outer join Skill as s2_0 on r1_0.skill_id = s2_0.id where s1_0.name = ? and o1_0.name = ? and s2_0.name = ?
Hibernate: select p1_0.id, p1_0.name from Person as p1_0 where p1_0.id = ?
Hibernate: select s1_0.id, s1_0.name from Skill as s1_0 where s1_0.id = ?
Hibernate: select p1_0.id, p1_0.name from Person as p1_0 where p1_0.id = ?
Hibernate: update Ranking set observer_id=?, ranking=?, skill_id=?, subject_id=? where id=?
Hibernate: select r1_0.id, r1_0.observer_id, r1_0.ranking, r1_0.skill_id, r1_0.subject_id from Ranking as r1_0 left outer join Person as s1_0 on r1_0.subject_id = s1_0.id left outer join Skill as s2_0 on r1_0.skill_id = s2_0.id where s1_0.name = ? and s2_0.name = ?
Hibernate: select p1_0.id, p1_0.name from Person as p1_0 where p1_0.id = ?
Hibernate: select s1_0.id, s1_0.name from Skill as s1_0 where s1_0.id = ?
Hibernate: select p1_0.id, p1_0.name from Person as p1_0 where p1_0.id = ?
Hibernate: select p1_0.id, p1_0.name from Person as p1_0 where p1_0.id = ?
Hibernate: select p1_0.id, p1_0.name from Person as p1_0 where p1_0.id = ?
]]></system-out>
  </testcase>
  <testcase name="removeRanking" classname="com.hibernate.project.PersonTest" time="0.03">
    <failure message="query did not return a unique result: 2" type="org.hibernate.NonUniqueResultException"><![CDATA[org.hibernate.NonUniqueResultException: query did not return a unique result: 2
	at org.hibernate.query.spi.AbstractQuery.uniqueElement(AbstractQuery.java:1415)
	at org.hibernate.query.spi.AbstractQuery.uniqueResult(AbstractQuery.java:1383)
	at com.hibernate.project.PersonTest.findRanking(PersonTest.java:209)
	at com.hibernate.project.PersonTest.removeRanking(PersonTest.java:220)
	at java.base/jdk.internal.reflect.DirectMethodHandleAccessor.invoke(DirectMethodHandleAccessor.java:104)
	at java.base/java.lang.reflect.Method.invoke(Method.java:578)
	at org.testng.internal.MethodInvocationHelper.invokeMethod(MethodInvocationHelper.java:133)
	at org.testng.internal.TestInvoker.invokeMethod(TestInvoker.java:598)
	at org.testng.internal.TestInvoker.invokeTestMethod(TestInvoker.java:173)
	at org.testng.internal.MethodRunner.runInSequence(MethodRunner.java:46)
	at org.testng.internal.TestInvoker$MethodInvocationAgent.invoke(TestInvoker.java:824)
	at org.testng.internal.TestInvoker.invokeTestMethods(TestInvoker.java:146)
	at org.testng.internal.TestMethodWorker.invokeTestMethods(TestMethodWorker.java:146)
	at org.testng.internal.TestMethodWorker.run(TestMethodWorker.java:128)
	at java.base/java.util.ArrayList.forEach(ArrayList.java:1511)
	at org.testng.TestRunner.privateRun(TestRunner.java:794)
	at org.testng.TestRunner.run(TestRunner.java:596)
	at org.testng.SuiteRunner.runTest(SuiteRunner.java:377)
	at org.testng.SuiteRunner.runSequentially(SuiteRunner.java:371)
	at org.testng.SuiteRunner.privateRun(SuiteRunner.java:332)
	at org.testng.SuiteRunner.run(SuiteRunner.java:276)
	at org.testng.SuiteRunnerWorker.runSuite(SuiteRunnerWorker.java:53)
	at org.testng.SuiteRunnerWorker.run(SuiteRunnerWorker.java:96)
	at org.testng.TestNG.runSuitesSequentially(TestNG.java:1212)
	at org.testng.TestNG.runSuitesLocally(TestNG.java:1134)
	at org.testng.TestNG.runSuites(TestNG.java:1063)
	at org.testng.TestNG.run(TestNG.java:1031)
	at org.apache.maven.surefire.testng.TestNGExecutor.run(TestNGExecutor.java:155)
	at org.apache.maven.surefire.testng.TestNGDirectoryTestSuite.executeMulti(TestNGDirectoryTestSuite.java:169)
	at org.apache.maven.surefire.testng.TestNGDirectoryTestSuite.execute(TestNGDirectoryTestSuite.java:88)
	at org.apache.maven.surefire.testng.TestNGProvider.invoke(TestNGProvider.java:137)
	at org.apache.maven.surefire.booter.ForkedBooter.runSuitesInProcess(ForkedBooter.java:385)
	at org.apache.maven.surefire.booter.ForkedBooter.execute(ForkedBooter.java:162)
	at org.apache.maven.surefire.booter.ForkedBooter.run(ForkedBooter.java:507)
	at org.apache.maven.surefire.booter.ForkedBooter.main(ForkedBooter.java:495)
]]></failure>
    <system-out><![CDATA[Hibernate: select p1_0.id, p1_0.name from Person as p1_0 where p1_0.name = ?
Hibernate: select p1_0.id, p1_0.name from Person as p1_0 where p1_0.name = ?
Hibernate: select s1_0.id, s1_0.name from Skill as s1_0 where s1_0.name = ?
Hibernate: select p1_0.id, p1_0.name from Person as p1_0 where p1_0.name = ?
Hibernate: select p1_0.id, p1_0.name from Person as p1_0 where p1_0.name = ?
Hibernate: select s1_0.id, s1_0.name from Skill as s1_0 where s1_0.name = ?
Hibernate: select p1_0.id, p1_0.name from Person as p1_0 where p1_0.name = ?
Hibernate: select p1_0.id, p1_0.name from Person as p1_0 where p1_0.name = ?
Hibernate: select s1_0.id, s1_0.name from Skill as s1_0 where s1_0.name = ?
Hibernate: insert into Ranking (observer_id, ranking, skill_id, subject_id, id) values (?, ?, ?, ?, ?)
Hibernate: insert into Ranking (observer_id, ranking, skill_id, subject_id, id) values (?, ?, ?, ?, ?)
Hibernate: insert into Ranking (observer_id, ranking, skill_id, subject_id, id) values (?, ?, ?, ?, ?)
Hibernate: select r1_0.id, r1_0.observer_id, r1_0.ranking, r1_0.skill_id, r1_0.subject_id from Ranking as r1_0 left outer join Person as o1_0 on r1_0.observer_id = o1_0.id left outer join Person as s1_0 on r1_0.subject_id = s1_0.id left outer join Skill as s2_0 on r1_0.skill_id = s2_0.id where s1_0.name = ? and o1_0.name = ? and s2_0.name = ?
Hibernate: select p1_0.id, p1_0.name from Person as p1_0 where p1_0.id = ?
Hibernate: select s1_0.id, s1_0.name from Skill as s1_0 where s1_0.id = ?
Hibernate: select p1_0.id, p1_0.name from Person as p1_0 where p1_0.id = ?
]]></system-out>
  </testcase>
  <testcase name="testRankings" classname="com.hibernate.project.PersonTest" time="0.033">
    <failure message="expected [3] but found [4]" type="java.lang.AssertionError"><![CDATA[java.lang.AssertionError: expected [3] but found [4]
	at org.testng.Assert.fail(Assert.java:99)
	at org.testng.Assert.failNotEquals(Assert.java:1037)
	at org.testng.Assert.assertEqualsImpl(Assert.java:140)
	at org.testng.Assert.assertEquals(Assert.java:122)
	at org.testng.Assert.assertEquals(Assert.java:797)
	at org.testng.Assert.assertEquals(Assert.java:807)
	at com.hibernate.project.PersonTest.testRankings(PersonTest.java:117)
	at java.base/jdk.internal.reflect.DirectMethodHandleAccessor.invoke(DirectMethodHandleAccessor.java:104)
	at java.base/java.lang.reflect.Method.invoke(Method.java:578)
	at org.testng.internal.MethodInvocationHelper.invokeMethod(MethodInvocationHelper.java:133)
	at org.testng.internal.TestInvoker.invokeMethod(TestInvoker.java:598)
	at org.testng.internal.TestInvoker.invokeTestMethod(TestInvoker.java:173)
	at org.testng.internal.MethodRunner.runInSequence(MethodRunner.java:46)
	at org.testng.internal.TestInvoker$MethodInvocationAgent.invoke(TestInvoker.java:824)
	at org.testng.internal.TestInvoker.invokeTestMethods(TestInvoker.java:146)
	at org.testng.internal.TestMethodWorker.invokeTestMethods(TestMethodWorker.java:146)
	at org.testng.internal.TestMethodWorker.run(TestMethodWorker.java:128)
	at java.base/java.util.ArrayList.forEach(ArrayList.java:1511)
	at org.testng.TestRunner.privateRun(TestRunner.java:794)
	at org.testng.TestRunner.run(TestRunner.java:596)
	at org.testng.SuiteRunner.runTest(SuiteRunner.java:377)
	at org.testng.SuiteRunner.runSequentially(SuiteRunner.java:371)
	at org.testng.SuiteRunner.privateRun(SuiteRunner.java:332)
	at org.testng.SuiteRunner.run(SuiteRunner.java:276)
	at org.testng.SuiteRunnerWorker.runSuite(SuiteRunnerWorker.java:53)
	at org.testng.SuiteRunnerWorker.run(SuiteRunnerWorker.java:96)
	at org.testng.TestNG.runSuitesSequentially(TestNG.java:1212)
	at org.testng.TestNG.runSuitesLocally(TestNG.java:1134)
	at org.testng.TestNG.runSuites(TestNG.java:1063)
	at org.testng.TestNG.run(TestNG.java:1031)
	at org.apache.maven.surefire.testng.TestNGExecutor.run(TestNGExecutor.java:155)
	at org.apache.maven.surefire.testng.TestNGDirectoryTestSuite.executeMulti(TestNGDirectoryTestSuite.java:169)
	at org.apache.maven.surefire.testng.TestNGDirectoryTestSuite.execute(TestNGDirectoryTestSuite.java:88)
	at org.apache.maven.surefire.testng.TestNGProvider.invoke(TestNGProvider.java:137)
	at org.apache.maven.surefire.booter.ForkedBooter.runSuitesInProcess(ForkedBooter.java:385)
	at org.apache.maven.surefire.booter.ForkedBooter.execute(ForkedBooter.java:162)
	at org.apache.maven.surefire.booter.ForkedBooter.run(ForkedBooter.java:507)
	at org.apache.maven.surefire.booter.ForkedBooter.main(ForkedBooter.java:495)
]]></failure>
    <system-out><![CDATA[Hibernate: select p1_0.id, p1_0.name from Person as p1_0 where p1_0.name = ?
Hibernate: select p1_0.id, p1_0.name from Person as p1_0 where p1_0.name = ?
Hibernate: select s1_0.id, s1_0.name from Skill as s1_0 where s1_0.name = ?
Hibernate: select p1_0.id, p1_0.name from Person as p1_0 where p1_0.name = ?
Hibernate: select p1_0.id, p1_0.name from Person as p1_0 where p1_0.name = ?
Hibernate: select s1_0.id, s1_0.name from Skill as s1_0 where s1_0.name = ?
Hibernate: select p1_0.id, p1_0.name from Person as p1_0 where p1_0.name = ?
Hibernate: select p1_0.id, p1_0.name from Person as p1_0 where p1_0.name = ?
Hibernate: select s1_0.id, s1_0.name from Skill as s1_0 where s1_0.name = ?
Hibernate: insert into Ranking (observer_id, ranking, skill_id, subject_id, id) values (?, ?, ?, ?, ?)
Hibernate: insert into Ranking (observer_id, ranking, skill_id, subject_id, id) values (?, ?, ?, ?, ?)
Hibernate: insert into Ranking (observer_id, ranking, skill_id, subject_id, id) values (?, ?, ?, ?, ?)
Hibernate: select r1_0.id, r1_0.observer_id, r1_0.ranking, r1_0.skill_id, r1_0.subject_id from Ranking as r1_0 left outer join Person as s1_0 on r1_0.subject_id = s1_0.id left outer join Skill as s2_0 on r1_0.skill_id = s2_0.id where s1_0.name = ? and s2_0.name = ?
Hibernate: select p1_0.id, p1_0.name from Person as p1_0 where p1_0.id = ?
Hibernate: select s1_0.id, s1_0.name from Skill as s1_0 where s1_0.id = ?
Hibernate: select p1_0.id, p1_0.name from Person as p1_0 where p1_0.id = ?
Hibernate: select p1_0.id, p1_0.name from Person as p1_0 where p1_0.id = ?
Hibernate: select p1_0.id, p1_0.name from Person as p1_0 where p1_0.id = ?
]]></system-out>
  </testcase>
  <testcase name="testSavePerson" classname="com.hibernate.project.PersonTest" time="0.0">
    <system-out><![CDATA[Hibernate: insert into Person (id, name) values (null, ?)
]]></system-out>
  </testcase>
  <testcase name="testSaveRanking" classname="com.hibernate.project.PersonTest" time="0.0">
    <system-out><![CDATA[Hibernate: select p1_0.id, p1_0.name from Person as p1_0 where p1_0.name = ?
Hibernate: insert into Person (id, name) values (null, ?)
Hibernate: select p1_0.id, p1_0.name from Person as p1_0 where p1_0.name = ?
Hibernate: select s1_0.id, s1_0.name from Skill as s1_0 where s1_0.name = ?
Hibernate: insert into Ranking (observer_id, ranking, skill_id, subject_id, id) values (?, ?, ?, ?, ?)
]]></system-out>
  </testcase>
  <testcase name="testModelCreation" classname="com.hibernate.project.simple.ModelTest" time="0.017">
    <system-out><![CDATA[Ranking [subject=Person [name=J.C. Smell], observer=Person [name=Drew Lombardo], skill=Skill [name=Java], ranking=8]
]]></system-out>
  </testcase>
</testsuite>