<?xml version="1.0" encoding="UTF-8"?>
<testng-results ignored="0" total="21" passed="21" failed="0" skipped="0">
  <reporter-output>
  </reporter-output>
  <suite started-at="2023-10-16T12:10:53 EEST" name="Surefire suite" finished-at="2023-10-16T12:10:57 EEST" duration-ms="4287">
    <groups>
    </groups>
    <test started-at="2023-10-16T12:10:53 EEST" name="Surefire test" finished-at="2023-10-16T12:10:57 EEST" duration-ms="4287">
      <class name="com.hibernate.project.application.FindBestRankingTest">
        <test-method signature="findBestForNonexistentSkill()[pri:0, instance:com.hibernate.project.application.FindBestRankingTest@482cd91f]" started-at="2023-10-16T12:10:55 EEST" name="findBestForNonexistentSkill" finished-at="2023-10-16T12:10:55 EEST" duration-ms="132" status="PASS">
          <reporter-output>
          </reporter-output>
        </test-method> <!-- findBestForNonexistentSkill -->
        <test-method signature="findBestForSkill()[pri:0, instance:com.hibernate.project.application.FindBestRankingTest@482cd91f]" started-at="2023-10-16T12:10:55 EEST" name="findBestForSkill" finished-at="2023-10-16T12:10:56 EEST" duration-ms="83" status="PASS">
          <reporter-output>
          </reporter-output>
        </test-method> <!-- findBestForSkill -->
      </class> <!-- com.hibernate.project.application.FindBestRankingTest -->
      <class name="com.hibernate.project.simple.ModelTest">
        <test-method signature="testModelCreation()[pri:0, instance:com.hibernate.project.simple.ModelTest@78b1cc93]" started-at="2023-10-16T12:10:57 EEST" name="testModelCreation" finished-at="2023-10-16T12:10:57 EEST" duration-ms="16" status="PASS">
          <reporter-output>
          </reporter-output>
        </test-method> <!-- testModelCreation -->
      </class> <!-- com.hibernate.project.simple.ModelTest -->
      <class name="com.hibernate.project.application.FindAllRankingTest">
        <test-method signature="findAllRanking()[pri:0, instance:com.hibernate.project.application.FindAllRankingTest@105fece7]" started-at="2023-10-16T12:10:55 EEST" name="findAllRanking" finished-at="2023-10-16T12:10:55 EEST" duration-ms="68" status="PASS">
          <reporter-output>
          </reporter-output>
        </test-method> <!-- findAllRanking -->
        <test-method signature="findAllRankingsEmptySet()[pri:0, instance:com.hibernate.project.application.FindAllRankingTest@105fece7]" started-at="2023-10-16T12:10:55 EEST" name="findAllRankingsEmptySet" finished-at="2023-10-16T12:10:55 EEST" duration-ms="0" status="PASS">
          <reporter-output>
          </reporter-output>
        </test-method> <!-- findAllRankingsEmptySet -->
      </class> <!-- com.hibernate.project.application.FindAllRankingTest -->
      <class name="com.hibernate.project.application.AddRankingTest">
        <test-method signature="addRanking()[pri:0, instance:com.hibernate.project.application.AddRankingTest@4c6e276e]" started-at="2023-10-16T12:10:53 EEST" name="addRanking" finished-at="2023-10-16T12:10:55 EEST" duration-ms="2658" status="PASS">
          <reporter-output>
          </reporter-output>
        </test-method> <!-- addRanking -->
      </class> <!-- com.hibernate.project.application.AddRankingTest -->
      <class name="com.hibernate.project.util.SessionBuilderTest">
        <test-method signature="testSessionFacotry()[pri:0, instance:com.hibernate.project.util.SessionBuilderTest@6646153]" started-at="2023-10-16T12:10:57 EEST" name="testSessionFacotry" finished-at="2023-10-16T12:10:57 EEST" duration-ms="0" status="PASS">
          <reporter-output>
          </reporter-output>
        </test-method> <!-- testSessionFacotry -->
      </class> <!-- com.hibernate.project.util.SessionBuilderTest -->
      <class name="com.hibernate.project.application.UpdateRankingTest">
        <test-method signature="updateExistingRanking()[pri:0, instance:com.hibernate.project.application.UpdateRankingTest@7d68ef40]" started-at="2023-10-16T12:10:56 EEST" name="updateExistingRanking" finished-at="2023-10-16T12:10:56 EEST" duration-ms="34" status="PASS">
          <reporter-output>
          </reporter-output>
        </test-method> <!-- updateExistingRanking -->
        <test-method signature="updateNonexistingRanking()[pri:0, instance:com.hibernate.project.application.UpdateRankingTest@7d68ef40]" started-at="2023-10-16T12:10:56 EEST" name="updateNonexistingRanking" finished-at="2023-10-16T12:10:56 EEST" duration-ms="16" status="PASS">
          <reporter-output>
          </reporter-output>
        </test-method> <!-- updateNonexistingRanking -->
      </class> <!-- com.hibernate.project.application.UpdateRankingTest -->
      <class name="com.hibernate.project.application.FindAverageRankingTest">
        <test-method signature="validateRankingAverage()[pri:0, instance:com.hibernate.project.application.FindAverageRankingTest@3ec300f1]" started-at="2023-10-16T12:10:55 EEST" name="validateRankingAverage" finished-at="2023-10-16T12:10:55 EEST" duration-ms="35" status="PASS">
          <reporter-output>
          </reporter-output>
        </test-method> <!-- validateRankingAverage -->
      </class> <!-- com.hibernate.project.application.FindAverageRankingTest -->
      <class name="com.hibernate.project.RankingTest">
        <test-method is-config="true" signature="setup()[pri:0, instance:com.hibernate.project.RankingTest@6f3b5d16]" started-at="2023-10-16T12:10:56 EEST" name="setup" finished-at="2023-10-16T12:10:56 EEST" duration-ms="63" status="PASS">
          <reporter-output>
          </reporter-output>
        </test-method> <!-- setup -->
        <test-method signature="changeRanking()[pri:0, instance:com.hibernate.project.RankingTest@6f3b5d16]" started-at="2023-10-16T12:10:56 EEST" name="changeRanking" finished-at="2023-10-16T12:10:56 EEST" duration-ms="26" status="PASS">
          <reporter-output>
          </reporter-output>
        </test-method> <!-- changeRanking -->
        <test-method is-config="true" signature="shutDown()[pri:0, instance:com.hibernate.project.RankingTest@6f3b5d16]" started-at="2023-10-16T12:10:56 EEST" name="shutDown" finished-at="2023-10-16T12:10:56 EEST" duration-ms="3" status="PASS">
          <reporter-output>
          </reporter-output>
        </test-method> <!-- shutDown -->
        <test-method is-config="true" signature="setup()[pri:0, instance:com.hibernate.project.RankingTest@6f3b5d16]" started-at="2023-10-16T12:10:56 EEST" name="setup" finished-at="2023-10-16T12:10:57 EEST" duration-ms="66" status="PASS">
          <reporter-output>
          </reporter-output>
        </test-method> <!-- setup -->
        <test-method signature="removeRanking()[pri:0, instance:com.hibernate.project.RankingTest@6f3b5d16]" started-at="2023-10-16T12:10:57 EEST" name="removeRanking" finished-at="2023-10-16T12:10:57 EEST" duration-ms="36" status="PASS">
          <reporter-output>
          </reporter-output>
        </test-method> <!-- removeRanking -->
        <test-method is-config="true" signature="shutDown()[pri:0, instance:com.hibernate.project.RankingTest@6f3b5d16]" started-at="2023-10-16T12:10:57 EEST" name="shutDown" finished-at="2023-10-16T12:10:57 EEST" duration-ms="0" status="PASS">
          <reporter-output>
          </reporter-output>
        </test-method> <!-- shutDown -->
        <test-method is-config="true" signature="setup()[pri:0, instance:com.hibernate.project.RankingTest@6f3b5d16]" started-at="2023-10-16T12:10:57 EEST" name="setup" finished-at="2023-10-16T12:10:57 EEST" duration-ms="78" status="PASS">
          <reporter-output>
          </reporter-output>
        </test-method> <!-- setup -->
        <test-method signature="testRanking()[pri:0, instance:com.hibernate.project.RankingTest@6f3b5d16]" started-at="2023-10-16T12:10:57 EEST" name="testRanking" finished-at="2023-10-16T12:10:57 EEST" duration-ms="48" status="PASS">
          <reporter-output>
          </reporter-output>
        </test-method> <!-- testRanking -->
        <test-method is-config="true" signature="shutDown()[pri:0, instance:com.hibernate.project.RankingTest@6f3b5d16]" started-at="2023-10-16T12:10:57 EEST" name="shutDown" finished-at="2023-10-16T12:10:57 EEST" duration-ms="7" status="PASS">
          <reporter-output>
          </reporter-output>
        </test-method> <!-- shutDown -->
        <test-method is-config="true" signature="setup()[pri:0, instance:com.hibernate.project.RankingTest@6f3b5d16]" started-at="2023-10-16T12:10:57 EEST" name="setup" finished-at="2023-10-16T12:10:57 EEST" duration-ms="85" status="PASS">
          <reporter-output>
          </reporter-output>
        </test-method> <!-- setup -->
        <test-method signature="testSaveRanking()[pri:0, instance:com.hibernate.project.RankingTest@6f3b5d16]" started-at="2023-10-16T12:10:57 EEST" name="testSaveRanking" finished-at="2023-10-16T12:10:57 EEST" duration-ms="6" status="PASS">
          <reporter-output>
          </reporter-output>
        </test-method> <!-- testSaveRanking -->
        <test-method is-config="true" signature="shutDown()[pri:0, instance:com.hibernate.project.RankingTest@6f3b5d16]" started-at="2023-10-16T12:10:57 EEST" name="shutDown" finished-at="2023-10-16T12:10:57 EEST" duration-ms="0" status="PASS">
          <reporter-output>
          </reporter-output>
        </test-method> <!-- shutDown -->
      </class> <!-- com.hibernate.project.RankingTest -->
      <class name="com.hibernate.project.PersonTest">
        <test-method is-config="true" signature="setup()[pri:0, instance:com.hibernate.project.PersonTest@25b485ba]" started-at="2023-10-16T12:10:56 EEST" name="setup" finished-at="2023-10-16T12:10:56 EEST" duration-ms="123" status="PASS">
          <reporter-output>
          </reporter-output>
        </test-method> <!-- setup -->
        <test-method signature="changeRanking()[pri:0, instance:com.hibernate.project.PersonTest@25b485ba]" started-at="2023-10-16T12:10:56 EEST" name="changeRanking" finished-at="2023-10-16T12:10:56 EEST" duration-ms="24" status="PASS">
          <reporter-output>
          </reporter-output>
        </test-method> <!-- changeRanking -->
        <test-method is-config="true" signature="shutSown()[pri:0, instance:com.hibernate.project.PersonTest@25b485ba]" started-at="2023-10-16T12:10:56 EEST" name="shutSown" finished-at="2023-10-16T12:10:56 EEST" duration-ms="22" status="PASS">
          <reporter-output>
          </reporter-output>
        </test-method> <!-- shutSown -->
        <test-method is-config="true" signature="setup()[pri:0, instance:com.hibernate.project.PersonTest@25b485ba]" started-at="2023-10-16T12:10:56 EEST" name="setup" finished-at="2023-10-16T12:10:56 EEST" duration-ms="184" status="PASS">
          <reporter-output>
          </reporter-output>
        </test-method> <!-- setup -->
        <test-method signature="removeRanking()[pri:0, instance:com.hibernate.project.PersonTest@25b485ba]" started-at="2023-10-16T12:10:56 EEST" name="removeRanking" finished-at="2023-10-16T12:10:56 EEST" duration-ms="44" status="PASS">
          <reporter-output>
          </reporter-output>
        </test-method> <!-- removeRanking -->
        <test-method is-config="true" signature="shutSown()[pri:0, instance:com.hibernate.project.PersonTest@25b485ba]" started-at="2023-10-16T12:10:56 EEST" name="shutSown" finished-at="2023-10-16T12:10:56 EEST" duration-ms="6" status="PASS">
          <reporter-output>
          </reporter-output>
        </test-method> <!-- shutSown -->
        <test-method is-config="true" signature="setup()[pri:0, instance:com.hibernate.project.PersonTest@25b485ba]" started-at="2023-10-16T12:10:56 EEST" name="setup" finished-at="2023-10-16T12:10:56 EEST" duration-ms="80" status="PASS">
          <reporter-output>
          </reporter-output>
        </test-method> <!-- setup -->
        <test-method signature="testRankings()[pri:0, instance:com.hibernate.project.PersonTest@25b485ba]" started-at="2023-10-16T12:10:56 EEST" name="testRankings" finished-at="2023-10-16T12:10:56 EEST" duration-ms="32" status="PASS">
          <reporter-output>
          </reporter-output>
        </test-method> <!-- testRankings -->
        <test-method is-config="true" signature="shutSown()[pri:0, instance:com.hibernate.project.PersonTest@25b485ba]" started-at="2023-10-16T12:10:56 EEST" name="shutSown" finished-at="2023-10-16T12:10:56 EEST" duration-ms="6" status="PASS">
          <reporter-output>
          </reporter-output>
        </test-method> <!-- shutSown -->
        <test-method is-config="true" signature="setup()[pri:0, instance:com.hibernate.project.PersonTest@25b485ba]" started-at="2023-10-16T12:10:56 EEST" name="setup" finished-at="2023-10-16T12:10:56 EEST" duration-ms="61" status="PASS">
          <reporter-output>
          </reporter-output>
        </test-method> <!-- setup -->
        <test-method signature="testSavePerson()[pri:0, instance:com.hibernate.project.PersonTest@25b485ba]" started-at="2023-10-16T12:10:56 EEST" name="testSavePerson" finished-at="2023-10-16T12:10:56 EEST" duration-ms="16" status="PASS">
          <reporter-output>
          </reporter-output>
        </test-method> <!-- testSavePerson -->
        <test-method is-config="true" signature="setup()[pri:0, instance:com.hibernate.project.PersonTest@25b485ba]" started-at="2023-10-16T12:10:56 EEST" name="setup" finished-at="2023-10-16T12:10:56 EEST" duration-ms="90" status="PASS">
          <reporter-output>
          </reporter-output>
        </test-method> <!-- setup -->
        <test-method is-config="true" signature="shutSown()[pri:0, instance:com.hibernate.project.PersonTest@25b485ba]" started-at="2023-10-16T12:10:56 EEST" name="shutSown" finished-at="2023-10-16T12:10:56 EEST" duration-ms="0" status="PASS">
          <reporter-output>
          </reporter-output>
        </test-method> <!-- shutSown -->
        <test-method signature="testSaveRanking()[pri:0, instance:com.hibernate.project.PersonTest@25b485ba]" started-at="2023-10-16T12:10:56 EEST" name="testSaveRanking" finished-at="2023-10-16T12:10:56 EEST" duration-ms="9" status="PASS">
          <reporter-output>
          </reporter-output>
        </test-method> <!-- testSaveRanking -->
        <test-method is-config="true" signature="shutSown()[pri:0, instance:com.hibernate.project.PersonTest@25b485ba]" started-at="2023-10-16T12:10:56 EEST" name="shutSown" finished-at="2023-10-16T12:10:56 EEST" duration-ms="4" status="PASS">
          <reporter-output>
          </reporter-output>
        </test-method> <!-- shutSown -->
      </class> <!-- com.hibernate.project.PersonTest -->
      <class name="com.hibernate.project.application.RemoveRankingTest">
        <test-method signature="removeRanking()[pri:0, instance:com.hibernate.project.application.RemoveRankingTest@123f1134]" started-at="2023-10-16T12:10:56 EEST" name="removeRanking" finished-at="2023-10-16T12:10:56 EEST" duration-ms="47" status="PASS">
          <reporter-output>
          </reporter-output>
        </test-method> <!-- removeRanking -->
        <test-method signature="removeNonexistRanking()[pri:0, instance:com.hibernate.project.application.RemoveRankingTest@123f1134]" started-at="2023-10-16T12:10:56 EEST" name="removeNonexistRanking" finished-at="2023-10-16T12:10:56 EEST" duration-ms="0" status="PASS">
          <reporter-output>
          </reporter-output>
        </test-method> <!-- removeNonexistRanking -->
      </class> <!-- com.hibernate.project.application.RemoveRankingTest -->
    </test> <!-- Surefire test -->
  </suite> <!-- Surefire suite -->
</testng-results>
