<?xml version="1.0" encoding="UTF-8"?>
<testng-results ignored="0" total="1" passed="1" failed="0" skipped="0">
  <reporter-output>
  </reporter-output>
  <suite started-at="2023-10-08T14:15:04 EEST" name="Surefire suite" finished-at="2023-10-08T14:15:06 EEST" duration-ms="1952">
    <groups>
    </groups>
    <test started-at="2023-10-08T14:15:04 EEST" name="Surefire test" finished-at="2023-10-08T14:15:06 EEST" duration-ms="1952">
      <class name="com.hibernate.project.jdbc.PersistenceHTest">
        <test-method is-config="true" signature="setup()[pri:0, instance:com.hibernate.project.jdbc.PersistenceHTest@40e6dfe1]" started-at="2023-10-08T14:15:04 EEST" name="setup" finished-at="2023-10-08T14:15:05 EEST" duration-ms="1607" status="PASS">
          <reporter-output>
          </reporter-output>
        </test-method> <!-- setup -->
        <test-method signature="readMessage()[pri:0, instance:com.hibernate.project.jdbc.PersistenceHTest@40e6dfe1]" started-at="2023-10-08T14:15:05 EEST" name="readMessage" finished-at="2023-10-08T14:15:06 EEST" duration-ms="314" status="PASS">
          <reporter-output>
          </reporter-output>
        </test-method> <!-- readMessage -->
      </class> <!-- com.hibernate.project.jdbc.PersistenceHTest -->
    </test> <!-- Surefire test -->
  </suite> <!-- Surefire suite -->
</testng-results>
