<?xml version="1.0" encoding="UTF-8"?>
<testng-results ignored="0" total="1" passed="1" failed="0" skipped="0">
  <reporter-output>
  </reporter-output>
  <suite started-at="2023-10-06T16:28:32 EEST" name="Surefire suite" finished-at="2023-10-06T16:28:33 EEST" duration-ms="501">
    <groups>
    </groups>
    <test started-at="2023-10-06T16:28:32 EEST" name="Surefire test" finished-at="2023-10-06T16:28:33 EEST" duration-ms="501">
      <class name="com.hibernate.project.jdbc.PersistenceTest">
        <test-method is-config="true" signature="setup()[pri:0, instance:com.hibernate.project.jdbc.PersistenceTest@341b80b2]" started-at="2023-10-06T16:28:32 EEST" name="setup" finished-at="2023-10-06T16:28:33 EEST" duration-ms="230" status="PASS">
          <reporter-output>
          </reporter-output>
        </test-method> <!-- setup -->
        <test-method signature="readMessage()[pri:0, instance:com.hibernate.project.jdbc.PersistenceTest@341b80b2]" started-at="2023-10-06T16:28:33 EEST" name="readMessage" finished-at="2023-10-06T16:28:33 EEST" duration-ms="246" status="PASS">
          <reporter-output>
          </reporter-output>
        </test-method> <!-- readMessage -->
      </class> <!-- com.hibernate.project.jdbc.PersistenceTest -->
    </test> <!-- Surefire test -->
  </suite> <!-- Surefire suite -->
</testng-results>
