<?xml version="1.0" encoding="UTF-8"?>
<testng-results ignored="0" total="2" passed="2" failed="0" skipped="0">
  <reporter-output>
  </reporter-output>
  <suite started-at="2023-10-20T14:33:01 EEST" name="Surefire suite" finished-at="2023-10-20T14:33:04 EEST" duration-ms="2316">
    <groups>
    </groups>
    <test started-at="2023-10-20T14:33:01 EEST" name="Surefire test" finished-at="2023-10-20T14:33:04 EEST" duration-ms="2316">
      <class name="com.hibernate.project.jdbc.PersistenceTest">
        <test-method is-config="true" signature="setup()[pri:0, instance:com.hibernate.project.jdbc.PersistenceTest@25b485ba]" started-at="2023-10-20T14:33:04 EEST" name="setup" finished-at="2023-10-20T14:33:04 EEST" duration-ms="11" status="PASS">
          <reporter-output>
          </reporter-output>
        </test-method> <!-- setup -->
        <test-method signature="readMessage()[pri:0, instance:com.hibernate.project.jdbc.PersistenceTest@25b485ba]" started-at="2023-10-20T14:33:04 EEST" name="readMessage" finished-at="2023-10-20T14:33:04 EEST" duration-ms="7" status="PASS">
          <reporter-output>
          </reporter-output>
        </test-method> <!-- readMessage -->
      </class> <!-- com.hibernate.project.jdbc.PersistenceTest -->
      <class name="com.hibernate.project.jdbc.PersistenceHTest">
        <test-method is-config="true" signature="setup()[pri:0, instance:com.hibernate.project.jdbc.PersistenceHTest@1b083826]" started-at="2023-10-20T14:33:01 EEST" name="setup" finished-at="2023-10-20T14:33:03 EEST" duration-ms="1880" status="PASS">
          <reporter-output>
          </reporter-output>
        </test-method> <!-- setup -->
        <test-method signature="readMessage()[pri:0, instance:com.hibernate.project.jdbc.PersistenceHTest@1b083826]" started-at="2023-10-20T14:33:03 EEST" name="readMessage" finished-at="2023-10-20T14:33:04 EEST" duration-ms="384" status="PASS">
          <reporter-output>
          </reporter-output>
        </test-method> <!-- readMessage -->
      </class> <!-- com.hibernate.project.jdbc.PersistenceHTest -->
    </test> <!-- Surefire test -->
  </suite> <!-- Surefire suite -->
</testng-results>
