<?xml version="1.0" encoding="UTF-8"?>
<testsuite xmlns:xsi="http://www.w3.org/2001/XMLSchema-instance" xsi:noNamespaceSchemaLocation="https://maven.apache.org/surefire/maven-surefire-plugin/xsd/surefire-test-report-3.0.xsd" version="3.0" name="TestSuite" time="2.776" tests="2" errors="0" skipped="0" failures="0">
  <properties>
[...]
</properties>
  <testcase name="readMessage" classname="com.hibernate.project.jdbc.PersistenceHTest" time="0.388">
    <system-out><![CDATA[14:33:01,936 |-INFO in ch.qos.logback.classic.LoggerContext[default] - Could NOT find resource [logback-test.xml]
14:33:01,937 |-INFO in ch.qos.logback.classic.LoggerContext[default] - Could NOT find resource [logback.groovy]
14:33:01,937 |-INFO in ch.qos.logback.classic.LoggerContext[default] - Found resource [logback.xml] at [file:/C:/Users/123/Desktop/JAVA%20projects/HibrnateBookLearning/hibernate_book_learning/chapter01/target/test-classes/logback.xml]
14:33:02,006 |-INFO in ch.qos.logback.classic.joran.action.ConfigurationAction - debug attribute not set
14:33:02,007 |-INFO in ch.qos.logback.core.joran.action.AppenderAction - About to instantiate appender of type [ch.qos.logback.core.ConsoleAppender]
14:33:02,015 |-INFO in ch.qos.logback.core.joran.action.AppenderAction - Naming appender as [STDOUT]
14:33:02,053 |-INFO in ch.qos.logback.classic.joran.action.LoggerAction - Setting level of logger [org.hibernate.SQL] to DEBUG
14:33:02,053 |-INFO in ch.qos.logback.classic.joran.action.LoggerAction - Setting additivity of logger [org.hibernate.SQL] to false
14:33:02,053 |-ERROR in ch.qos.logback.core.joran.action.AppenderRefAction - Could not find an appender named [SDTOUT]. Did you define it below instead of above in the configuration file?
14:33:02,053 |-ERROR in ch.qos.logback.core.joran.action.AppenderRefAction - See http://logback.qos.ch/codes.html#appender_order for more details.
14:33:02,054 |-INFO in ch.qos.logback.classic.joran.action.LoggerAction - Setting level of logger [org.hibernate.type.descriptor.sql] to TRACE
14:33:02,054 |-INFO in ch.qos.logback.classic.joran.action.LoggerAction - Setting additivity of logger [org.hibernate.type.descriptor.sql] to false
14:33:02,054 |-ERROR in ch.qos.logback.core.joran.action.AppenderRefAction - Could not find an appender named [SDTOUT]. Did you define it below instead of above in the configuration file?
14:33:02,054 |-ERROR in ch.qos.logback.core.joran.action.AppenderRefAction - See http://logback.qos.ch/codes.html#appender_order for more details.
14:33:02,054 |-INFO in ch.qos.logback.classic.joran.action.RootLoggerAction - Setting level of ROOT logger to INFO
14:33:02,054 |-ERROR in ch.qos.logback.core.joran.action.AppenderRefAction - Could not find an appender named [SDTOUT]. Did you define it below instead of above in the configuration file?
14:33:02,054 |-ERROR in ch.qos.logback.core.joran.action.AppenderRefAction - See http://logback.qos.ch/codes.html#appender_order for more details.
14:33:02,054 |-INFO in ch.qos.logback.classic.joran.action.ConfigurationAction - End of configuration.
14:33:02,054 |-INFO in ch.qos.logback.classic.joran.JoranConfigurator@5d7148e2 - Registering current configuration as safe fallback point

Hibernate: drop table if exists Message cascade 
Hibernate: create table Message (id bigint generated by default as identity, text varchar(255) not null, primary key (id))
Hibernate: insert into Message (id, text) values (null, ?)
Hibernate: select m1_0.id, m1_0.text from Message as m1_0
Message{text='Hello World!'}
]]></system-out>
  </testcase>
  <testcase name="readMessage" classname="com.hibernate.project.jdbc.PersistenceTest" time="0.011">
    <system-out><![CDATA[MessageEntity [id=1, text=Hello, World!]
]]></system-out>
  </testcase>
</testsuite>