<?xml version="1.0" encoding="UTF-8"?>
<!-- Generated by org.testng.reporters.JUnitXMLReporter -->
<testsuite ignored="0" hostname="DESKTOP-7VN330O" failures="0" tests="17" name="Surefire test" time="3.166" errors="0" timestamp="2023-10-14T16:03:07 EEST">
  <testcase classname="com.hibernate.project.application.AddRankingTest" name="addRanking" time="2.182"/>
  <testcase classname="com.hibernate.project.application.FindAverageRankingTest" name="validateRankingAverage" time="0.034"/>
  <testcase classname="com.hibernate.project.application.RemoveRankingTest" name="removeNonexistRanking" time="0.0"/>
  <testcase classname="com.hibernate.project.application.RemoveRankingTest" name="removeRanking" time="0.019"/>
  <testcase classname="com.hibernate.project.application.UpdateRankingTest" name="updateExistingRanking" time="0.032"/>
  <testcase classname="com.hibernate.project.application.UpdateRankingTest" name="updateNonexistingRanking" time="0.018"/>
  <testcase classname="com.hibernate.project.PersonTest" name="changeRanking" time="0.019"/>
  <testcase classname="com.hibernate.project.PersonTest" name="removeRanking" time="0.019"/>
  <testcase classname="com.hibernate.project.PersonTest" name="testRankings" time="0.017"/>
  <testcase classname="com.hibernate.project.PersonTest" name="testSavePerson" time="0.0"/>
  <testcase classname="com.hibernate.project.PersonTest" name="testSaveRanking" time="0.015"/>
  <testcase classname="com.hibernate.project.RankingTest" name="changeRanking" time="0.015"/>
  <testcase classname="com.hibernate.project.RankingTest" name="removeRanking" time="0.016"/>
  <testcase classname="com.hibernate.project.RankingTest" name="testRanking" time="0.017"/>
  <testcase classname="com.hibernate.project.RankingTest" name="testSaveRanking" time="0.0"/>
  <testcase classname="com.hibernate.project.simple.ModelTest" name="testModelCreation" time="0.019"/>
  <testcase classname="com.hibernate.project.util.SessionBuilderTest" name="testSessionFacotry" time="0.0"/>
</testsuite> <!-- Surefire test -->
