<?xml version="1.0" encoding="UTF-8"?>
<!-- Generated by org.testng.reporters.JUnitXMLReporter -->
<testsuite ignored="0" hostname="DESKTOP-7VN330O" failures="0" tests="21" name="Surefire test" time="4.162" errors="0" timestamp="2023-10-20T14:33:15 EEST">
  <testcase classname="com.hibernate.project.application.AddRankingTest" name="addRanking" time="2.633"/>
  <testcase classname="com.hibernate.project.application.FindAllRankingTest" name="findAllRanking" time="0.076"/>
  <testcase classname="com.hibernate.project.application.FindAllRankingTest" name="findAllRankingsEmptySet" time="0.012"/>
  <testcase classname="com.hibernate.project.application.FindAverageRankingTest" name="validateRankingAverage" time="0.066"/>
  <testcase classname="com.hibernate.project.application.FindBestRankingTest" name="findBestForNonexistentSkill" time="0.13"/>
  <testcase classname="com.hibernate.project.application.FindBestRankingTest" name="findBestForSkill" time="0.057"/>
  <testcase classname="com.hibernate.project.application.RemoveRankingTest" name="removeNonexistRanking" time="0.012"/>
  <testcase classname="com.hibernate.project.application.RemoveRankingTest" name="removeRanking" time="0.05"/>
  <testcase classname="com.hibernate.project.application.UpdateRankingTest" name="updateExistingRanking" time="0.031"/>
  <testcase classname="com.hibernate.project.application.UpdateRankingTest" name="updateNonexistingRanking" time="0.023"/>
  <testcase classname="com.hibernate.project.PersonTest" name="changeRanking" time="0.032"/>
  <testcase classname="com.hibernate.project.PersonTest" name="removeRanking" time="0.039"/>
  <testcase classname="com.hibernate.project.PersonTest" name="testRankings" time="0.023"/>
  <testcase classname="com.hibernate.project.PersonTest" name="testSavePerson" time="0.003"/>
  <testcase classname="com.hibernate.project.PersonTest" name="testSaveRanking" time="0.011"/>
  <testcase classname="com.hibernate.project.RankingTest" name="changeRanking" time="0.02"/>
  <testcase classname="com.hibernate.project.RankingTest" name="removeRanking" time="0.035"/>
  <testcase classname="com.hibernate.project.RankingTest" name="testRanking" time="0.019"/>
  <testcase classname="com.hibernate.project.RankingTest" name="testSaveRanking" time="0.008"/>
  <testcase classname="com.hibernate.project.simple.ModelTest" name="testModelCreation" time="0.011"/>
  <testcase classname="com.hibernate.project.util.SessionBuilderTest" name="testSessionFacotry" time="0.001"/>
</testsuite> <!-- Surefire test -->
