<?xml version="1.0" encoding="UTF-8"?>
<!-- Generated by org.testng.reporters.JUnitXMLReporter -->
<testsuite ignored="0" hostname="DESKTOP-7VN330O" failures="0" tests="10" name="Surefire test" time="2.751" errors="0" timestamp="2023-10-20T14:33:20 EEST">
  <testcase classname="com.hibernate.example.broken.BrokenInversionTest" name="testBrokenInversionCode" time="2.296"/>
  <testcase classname="com.hibernate.example.broken.ProperSimpleInversionTest" name="testProperSimpleInversionCode" time="0.006"/>
  <testcase classname="com.hibernate.example.general.DuplicateSaveTest" name="duplicateSaveTest" time="0.269"/>
  <testcase classname="com.hibernate.example.general.MergeTest" name="testMerge" time="0.024"/>
  <testcase classname="com.hibernate.example.general.RefreshTest" name="testRefresh" time="0.007"/>
  <testcase classname="com.hibernate.example.general.SaveLoadTest" name="testSaveLoad" time="0.005"/>
  <testcase classname="com.hibernate.example.general.SaveOrUpdateTest" name="testSaveOrUpdateEntity" time="0.024"/>
  <testcase classname="com.hibernate.example.mapped.ImplicitRelationshipTest" name="testImpliedRealtionship" time="0.003"/>
  <testcase classname="com.hibernate.example.orphan.OrphanRemovalTest" name="deleteLibrary" time="0.065"/>
  <testcase classname="com.hibernate.example.orphan.OrphanRemovalTest" name="testOrphanRemoval" time="0.014"/>
</testsuite> <!-- Surefire test -->
