<?xml version="1.0" encoding="UTF-8"?>
<testsuite xmlns:xsi="http://www.w3.org/2001/XMLSchema-instance" xsi:noNamespaceSchemaLocation="https://maven.apache.org/surefire/maven-surefire-plugin/xsd/surefire-test-report-3.0.xsd" version="3.0" name="TestSuite" time="3.261" tests="10" errors="0" skipped="0" failures="0">
  <properties>
[...]
</properties>
  <testcase name="testBrokenInversionCode" classname="com.hibernate.example.broken.BrokenInversionTest" time="2.299">
    <system-out><![CDATA[14:33:17,883 |-INFO in ch.qos.logback.classic.LoggerContext[default] - Could NOT find resource [logback-test.xml]
14:33:17,883 |-INFO in ch.qos.logback.classic.LoggerContext[default] - Could NOT find resource [logback.groovy]
14:33:17,883 |-INFO in ch.qos.logback.classic.LoggerContext[default] - Found resource [logback.xml] at [file:/C:/Users/123/Desktop/JAVA%20projects/HibrnateBookLearning/hibernate_book_learning/chapter04/target/test-classes/logback.xml]
14:33:17,953 |-INFO in ch.qos.logback.classic.joran.action.ConfigurationAction - debug attribute not set
14:33:17,953 |-INFO in ch.qos.logback.core.joran.action.AppenderAction - About to instantiate appender of type [ch.qos.logback.core.ConsoleAppender]
14:33:17,960 |-INFO in ch.qos.logback.core.joran.action.AppenderAction - Naming appender as [STDOUT]
14:33:17,984 |-INFO in ch.qos.logback.classic.joran.action.LoggerAction - Setting level of logger [org.hibernate.SQL] to DEBUG
14:33:17,984 |-INFO in ch.qos.logback.classic.joran.action.LoggerAction - Setting additivity of logger [org.hibernate.SQL] to false
14:33:17,984 |-ERROR in ch.qos.logback.core.joran.action.AppenderRefAction - Could not find an appender named [SDTOUT]. Did you define it below instead of above in the configuration file?
14:33:17,984 |-ERROR in ch.qos.logback.core.joran.action.AppenderRefAction - See http://logback.qos.ch/codes.html#appender_order for more details.
14:33:17,984 |-INFO in ch.qos.logback.classic.joran.action.LoggerAction - Setting level of logger [org.hibernate.type.descriptor.sql] to TRACE
14:33:17,984 |-INFO in ch.qos.logback.classic.joran.action.LoggerAction - Setting additivity of logger [org.hibernate.type.descriptor.sql] to false
14:33:17,984 |-ERROR in ch.qos.logback.core.joran.action.AppenderRefAction - Could not find an appender named [SDTOUT]. Did you define it below instead of above in the configuration file?
14:33:17,984 |-ERROR in ch.qos.logback.core.joran.action.AppenderRefAction - See http://logback.qos.ch/codes.html#appender_order for more details.
14:33:17,984 |-INFO in ch.qos.logback.classic.joran.action.RootLoggerAction - Setting level of ROOT logger to INFO
14:33:17,984 |-ERROR in ch.qos.logback.core.joran.action.AppenderRefAction - Could not find an appender named [SDTOUT]. Did you define it below instead of above in the configuration file?
14:33:17,984 |-ERROR in ch.qos.logback.core.joran.action.AppenderRefAction - See http://logback.qos.ch/codes.html#appender_order for more details.
14:33:17,984 |-INFO in ch.qos.logback.classic.joran.action.ConfigurationAction - End of configuration.
14:33:17,984 |-INFO in ch.qos.logback.classic.joran.JoranConfigurator@306e95ec - Registering current configuration as safe fallback point

Hibernate: drop table if exists Book cascade 
Hibernate: drop table if exists Email cascade 
Hibernate: drop table if exists Email2 cascade 
Hibernate: drop table if exists Library cascade 
Hibernate: drop table if exists Message cascade 
Hibernate: drop table if exists Message2 cascade 
Hibernate: drop table if exists SimpleObject cascade 
Hibernate: drop sequence if exists Book_SEQ
Hibernate: drop sequence if exists Email2_SEQ
Hibernate: drop sequence if exists Email_SEQ
Hibernate: drop sequence if exists Library_SEQ
Hibernate: drop sequence if exists Message2_SEQ
Hibernate: drop sequence if exists Message_SEQ
Hibernate: drop sequence if exists SimpleObject_SEQ
Hibernate: create sequence Book_SEQ start with 1 increment by 50
Hibernate: create sequence Email2_SEQ start with 1 increment by 50
Hibernate: create sequence Email_SEQ start with 1 increment by 50
Hibernate: create sequence Library_SEQ start with 1 increment by 50
Hibernate: create sequence Message2_SEQ start with 1 increment by 50
Hibernate: create sequence Message_SEQ start with 1 increment by 50
Hibernate: create sequence SimpleObject_SEQ start with 1 increment by 50
Hibernate: create table Book (id bigint not null, title varchar(255), library_id bigint, primary key (id))
Hibernate: create table Email (id bigint not null, subject varchar(255), message_id bigint, primary key (id))
Hibernate: create table Email2 (id bigint not null, subject varchar(255), primary key (id))
Hibernate: create table Library (id bigint not null, name varchar(255), primary key (id))
Hibernate: create table Message (id bigint not null, content varchar(255), email_id bigint, primary key (id))
Hibernate: create table Message2 (id bigint not null, content varchar(255), email_id bigint, primary key (id))
Hibernate: create table SimpleObject (id bigint not null, key varchar(255), value bigint, primary key (id))
Hibernate: alter table if exists Book add constraint FKesionxg2ev3v25eneb22j9jpl foreign key (library_id) references Library
Hibernate: alter table if exists Email add constraint FKdylyhs434pk7dcq350h8ythpm foreign key (message_id) references Message
Hibernate: alter table if exists Message add constraint FK8ia8n8kuy52fmy40mk790wxko foreign key (email_id) references Email
Hibernate: alter table if exists Message2 add constraint FK7buglj5ps81jdig97qe8rj8hj foreign key (email_id) references Email2
Hibernate: call next value for Email_SEQ
Hibernate: call next value for Email_SEQ
Hibernate: call next value for Message_SEQ
Hibernate: call next value for Message_SEQ
Hibernate: insert into Email (message_id, subject, id) values (?, ?, ?)
Hibernate: insert into Message (content, email_id, id) values (?, ?, ?)
Hibernate: update Email set message_id=?, subject=? where id=?
Hibernate: select e1_0.id, m1_0.id, m1_0.content, e2_0.id, e2_0.message_id, e2_0.subject, e1_0.subject from Email as e1_0 left outer join Message as m1_0 on e1_0.message_id = m1_0.id left outer join Email as e2_0 on m1_0.email_id = e2_0.id where e1_0.id = ?
Email [id=1, subject=Broken, message=Broken]
Message [id=1, content=Broken, email=null]
]]></system-out>
  </testcase>
  <testcase name="testProperSimpleInversionCode" classname="com.hibernate.example.broken.ProperSimpleInversionTest" time="0.007">
    <system-out><![CDATA[Hibernate: insert into Email (message_id, subject, id) values (?, ?, ?)
Hibernate: insert into Message (content, email_id, id) values (?, ?, ?)
Hibernate: update Email set message_id=?, subject=? where id=?
Hibernate: select e1_0.id, m1_0.id, m1_0.content, e2_0.id, e2_0.message_id, e2_0.subject, e1_0.subject from Email as e1_0 left outer join Message as m1_0 on e1_0.message_id = m1_0.id left outer join Email as e2_0 on m1_0.email_id = e2_0.id where e1_0.id = ?
Email [id=2, subject=Proper, message=Proper]
Message [id=2, content=Proper, email=Proper]
]]></system-out>
  </testcase>
  <testcase name="duplicateSaveTest" classname="com.hibernate.example.general.DuplicateSaveTest" time="0.268">
    <system-out><![CDATA[Hibernate: call next value for SimpleObject_SEQ
Hibernate: call next value for SimpleObject_SEQ
Hibernate: insert into SimpleObject (key, value, id) values (?, ?, ?)
Hibernate: insert into SimpleObject (key, value, id) values (?, ?, ?)
Hibernate: select s1_0.id, s1_0.key, s1_0.value from SimpleObject as s1_0
]]></system-out>
  </testcase>
  <testcase name="testMerge" classname="com.hibernate.example.general.MergeTest" time="0.025">
    <system-out><![CDATA[Hibernate: insert into SimpleObject (key, value, id) values (?, ?, ?)
Hibernate: select s1_0.id, s1_0.key, s1_0.value from SimpleObject as s1_0 where s1_0.id = ?
Hibernate: select s1_0.id, s1_0.key, s1_0.value from SimpleObject as s1_0 where s1_0.id = ?
Hibernate: update SimpleObject set key=?, value=? where id=?
Hibernate: select s1_0.id, s1_0.key, s1_0.value from SimpleObject as s1_0 where s1_0.id = ?
]]></system-out>
  </testcase>
  <testcase name="testRefresh" classname="com.hibernate.example.general.RefreshTest" time="0.007">
    <system-out><![CDATA[Hibernate: insert into SimpleObject (key, value, id) values (?, ?, ?)
Hibernate: select s1_0.id, s1_0.key, s1_0.value from SimpleObject as s1_0 where s1_0.id = ?
Hibernate: select s1_0.id, s1_0.key, s1_0.value from SimpleObject as s1_0 where s1_0.id = ?
Hibernate: select s1_0.id, s1_0.key, s1_0.value from SimpleObject as s1_0 where s1_0.id = ?
]]></system-out>
  </testcase>
  <testcase name="testSaveLoad" classname="com.hibernate.example.general.SaveLoadTest" time="0.005">
    <system-out><![CDATA[Hibernate: insert into SimpleObject (key, value, id) values (?, ?, ?)
Hibernate: select s1_0.id, s1_0.key, s1_0.value from SimpleObject as s1_0 where s1_0.id = ?
]]></system-out>
  </testcase>
  <testcase name="testSaveOrUpdateEntity" classname="com.hibernate.example.general.SaveOrUpdateTest" time="0.044">
    <system-out><![CDATA[Hibernate: delete from SimpleObject
Hibernate: insert into SimpleObject (key, value, id) values (?, ?, ?)
Hibernate: update SimpleObject set key=?, value=? where id=?
Hibernate: select s1_0.id, s1_0.key, s1_0.value from SimpleObject as s1_0
]]></system-out>
  </testcase>
  <testcase name="testImpliedRealtionship" classname="com.hibernate.example.mapped.ImplicitRelationshipTest" time="0.003">
    <system-out><![CDATA[Hibernate: call next value for Email2_SEQ
Hibernate: call next value for Email2_SEQ
Hibernate: call next value for Message2_SEQ
Hibernate: call next value for Message2_SEQ
Hibernate: insert into Email2 (subject, id) values (?, ?)
Hibernate: insert into Message2 (content, email_id, id) values (?, ?, ?)
Hibernate: select e1_0.id, m1_0.id, m1_0.content, e1_0.subject from Email2 as e1_0 left outer join Message2 as m1_0 on e1_0.id = m1_0.email_id where e1_0.id = ?
Email [id=1, subject=Inverse Email, message=Inverse Message]
Message [id=1, content=Inverse Message, email=Inverse Email]
]]></system-out>
  </testcase>
  <testcase name="deleteLibrary" classname="com.hibernate.example.orphan.OrphanRemovalTest" time="0.046">
    <system-out><![CDATA[Hibernate: call next value for Library_SEQ
Hibernate: call next value for Library_SEQ
Hibernate: call next value for Book_SEQ
Hibernate: call next value for Book_SEQ
Hibernate: insert into Library (name, id) values (?, ?)
Hibernate: insert into Book (library_id, title, id) values (?, ?, ?)
Hibernate: insert into Book (library_id, title, id) values (?, ?, ?)
Hibernate: insert into Book (library_id, title, id) values (?, ?, ?)
Hibernate: select l1_0.id, l1_0.name from Library as l1_0 where l1_0.id = ?
Hibernate: select b1_0.library_id, b1_0.id, b1_0.title from Book as b1_0 where b1_0.library_id = ?
Hibernate: delete from Book where id=?
Hibernate: delete from Book where id=?
Hibernate: delete from Book where id=?
Hibernate: delete from Library where id=?
Hibernate: select l1_0.id, l1_0.name from Library as l1_0 where l1_0.id = ?
Hibernate: select b1_0.id, b1_0.library_id, b1_0.title from Book as b1_0
]]></system-out>
  </testcase>
  <testcase name="testOrphanRemoval" classname="com.hibernate.example.orphan.OrphanRemovalTest" time="0.016">
    <system-out><![CDATA[Hibernate: insert into Library (name, id) values (?, ?)
Hibernate: insert into Book (library_id, title, id) values (?, ?, ?)
Hibernate: insert into Book (library_id, title, id) values (?, ?, ?)
Hibernate: insert into Book (library_id, title, id) values (?, ?, ?)
Hibernate: select l1_0.id, l1_0.name from Library as l1_0 where l1_0.id = ?
Hibernate: select b1_0.library_id, b1_0.id, b1_0.title from Book as b1_0 where b1_0.library_id = ?
Hibernate: delete from Book where id=?
Hibernate: select l1_0.id, l1_0.name from Library as l1_0 where l1_0.id = ?
Hibernate: select b1_0.library_id, b1_0.id, b1_0.title from Book as b1_0 where b1_0.library_id = ?
Hibernate: select b1_0.id, b1_0.library_id, b1_0.title from Book as b1_0
]]></system-out>
  </testcase>
</testsuite>